{"C:\\Users\\angel\\school\\SignSpeak\\app\\modal.tsx": {"path":"C:\\Users\\angel\\school\\SignSpeak\\app\\modal.tsx","statementMap":{"0":{"start":{"line":8,"column":2},"end":{"line":15,"column":4}},"1":{"start":{"line":18,"column":15},"end":{"line":29,"column":2}}},"fnMap":{"0":{"name":"ModalScreen","decl":{"start":{"line":7,"column":24},"end":{"line":7,"column":35}},"loc":{"start":{"line":7,"column":38},"end":{"line":16,"column":1}},"line":7}},"branchMap":{},"s":{"0":0,"1":0},"f":{"0":0},"b":{}}
,"C:\\Users\\angel\\school\\SignSpeak\\app\\translation-result.tsx": {"path":"C:\\Users\\angel\\school\\SignSpeak\\app\\translation-result.tsx","statementMap":{"0":{"start":{"line":11,"column":17},"end":{"line":11,"column":39}},"1":{"start":{"line":12,"column":17},"end":{"line":12,"column":28}},"2":{"start":{"line":13,"column":22},"end":{"line":13,"column":38}},"3":{"start":{"line":14,"column":17},"end":{"line":14,"column":39}},"4":{"start":{"line":16,"column":51},"end":{"line":21,"column":3}},"5":{"start":{"line":23,"column":24},"end":{"line":23,"column":46}},"6":{"start":{"line":25,"column":29},"end":{"line":29,"column":3}},"7":{"start":{"line":26,"column":4},"end":{"line":26,"column":40}},"8":{"start":{"line":26,"column":22},"end":{"line":26,"column":39}},"9":{"start":{"line":27,"column":4},"end":{"line":27,"column":40}},"10":{"start":{"line":27,"column":22},"end":{"line":27,"column":39}},"11":{"start":{"line":28,"column":4},"end":{"line":28,"column":21}},"12":{"start":{"line":31,"column":26},"end":{"line":42,"column":3}},"13":{"start":{"line":32,"column":4},"end":{"line":41,"column":5}},"14":{"start":{"line":34,"column":8},"end":{"line":34,"column":20}},"15":{"start":{"line":36,"column":8},"end":{"line":36,"column":20}},"16":{"start":{"line":38,"column":8},"end":{"line":38,"column":20}},"17":{"start":{"line":40,"column":8},"end":{"line":40,"column":19}},"18":{"start":{"line":44,"column":2},"end":{"line":169,"column":4}},"19":{"start":{"line":49,"column":62},"end":{"line":49,"column":75}},"20":{"start":{"line":101,"column":27},"end":{"line":101,"column":49}},"21":{"start":{"line":134,"column":29},"end":{"line":134,"column":59}},"22":{"start":{"line":172,"column":15},"end":{"line":295,"column":2}}},"fnMap":{"0":{"name":"TranslationResultScreen","decl":{"start":{"line":10,"column":24},"end":{"line":10,"column":47}},"loc":{"start":{"line":10,"column":50},"end":{"line":170,"column":1}},"line":10},"1":{"name":"(anonymous_1)","decl":{"start":{"line":25,"column":29},"end":{"line":25,"column":30}},"loc":{"start":{"line":25,"column":47},"end":{"line":29,"column":3}},"line":25},"2":{"name":"(anonymous_2)","decl":{"start":{"line":31,"column":26},"end":{"line":31,"column":27}},"loc":{"start":{"line":31,"column":46},"end":{"line":42,"column":3}},"line":31},"3":{"name":"(anonymous_3)","decl":{"start":{"line":49,"column":56},"end":{"line":49,"column":57}},"loc":{"start":{"line":49,"column":62},"end":{"line":49,"column":75}},"line":49},"4":{"name":"(anonymous_4)","decl":{"start":{"line":101,"column":21},"end":{"line":101,"column":22}},"loc":{"start":{"line":101,"column":27},"end":{"line":101,"column":49}},"line":101},"5":{"name":"(anonymous_5)","decl":{"start":{"line":116,"column":23},"end":{"line":116,"column":24}},"loc":{"start":{"line":116,"column":29},"end":{"line":118,"column":15}},"line":116},"6":{"name":"(anonymous_6)","decl":{"start":{"line":134,"column":23},"end":{"line":134,"column":24}},"loc":{"start":{"line":134,"column":29},"end":{"line":134,"column":59}},"line":134}},"branchMap":{"0":{"loc":{"start":{"line":26,"column":4},"end":{"line":26,"column":40}},"type":"if","locations":[{"start":{"line":26,"column":4},"end":{"line":26,"column":40}},{"start":{},"end":{}}],"line":26},"1":{"loc":{"start":{"line":27,"column":4},"end":{"line":27,"column":40}},"type":"if","locations":[{"start":{"line":27,"column":4},"end":{"line":27,"column":40}},{"start":{},"end":{}}],"line":27},"2":{"loc":{"start":{"line":32,"column":4},"end":{"line":41,"column":5}},"type":"switch","locations":[{"start":{"line":33,"column":6},"end":{"line":34,"column":20}},{"start":{"line":35,"column":6},"end":{"line":36,"column":20}},{"start":{"line":37,"column":6},"end":{"line":38,"column":20}},{"start":{"line":39,"column":6},"end":{"line":40,"column":19}}],"line":32},"3":{"loc":{"start":{"line":53,"column":21},"end":{"line":53,"column":45}},"type":"cond-expr","locations":[{"start":{"line":53,"column":30},"end":{"line":53,"column":36}},{"start":{"line":53,"column":39},"end":{"line":53,"column":45}}],"line":53},"4":{"loc":{"start":{"line":78,"column":31},"end":{"line":78,"column":58}},"type":"cond-expr","locations":[{"start":{"line":78,"column":40},"end":{"line":78,"column":49}},{"start":{"line":78,"column":52},"end":{"line":78,"column":58}}],"line":78},"5":{"loc":{"start":{"line":114,"column":35},"end":{"line":114,"column":65}},"type":"cond-expr","locations":[{"start":{"line":114,"column":44},"end":{"line":114,"column":53}},{"start":{"line":114,"column":56},"end":{"line":114,"column":65}}],"line":114},"6":{"loc":{"start":{"line":123,"column":23},"end":{"line":123,"column":47}},"type":"cond-expr","locations":[{"start":{"line":123,"column":32},"end":{"line":123,"column":38}},{"start":{"line":123,"column":41},"end":{"line":123,"column":47}}],"line":123},"7":{"loc":{"start":{"line":132,"column":35},"end":{"line":132,"column":65}},"type":"cond-expr","locations":[{"start":{"line":132,"column":44},"end":{"line":132,"column":53}},{"start":{"line":132,"column":56},"end":{"line":132,"column":65}}],"line":132},"8":{"loc":{"start":{"line":139,"column":23},"end":{"line":139,"column":47}},"type":"cond-expr","locations":[{"start":{"line":139,"column":32},"end":{"line":139,"column":38}},{"start":{"line":139,"column":41},"end":{"line":139,"column":47}}],"line":139},"9":{"loc":{"start":{"line":151,"column":31},"end":{"line":153,"column":43}},"type":"cond-expr","locations":[{"start":{"line":152,"column":18},"end":{"line":152,"column":43}},{"start":{"line":153,"column":18},"end":{"line":153,"column":43}}],"line":151}},"s":{"0":0,"1":0,"2":0,"3":0,"4":0,"5":0,"6":0,"7":0,"8":0,"9":0,"10":0,"11":0,"12":0,"13":0,"14":0,"15":0,"16":0,"17":0,"18":0,"19":0,"20":0,"21":0,"22":0},"f":{"0":0,"1":0,"2":0,"3":0,"4":0,"5":0,"6":0},"b":{"0":[0,0],"1":[0,0],"2":[0,0,0,0],"3":[0,0],"4":[0,0],"5":[0,0],"6":[0,0],"7":[0,0],"8":[0,0],"9":[0,0]}}
,"C:\\Users\\angel\\school\\SignSpeak\\app\\(tabs)\\explore.tsx": {"path":"C:\\Users\\angel\\school\\SignSpeak\\app\\(tabs)\\explore.tsx","statementMap":{"0":{"start":{"line":20,"column":32},"end":{"line":20,"column":59}},"1":{"start":{"line":21,"column":48},"end":{"line":21,"column":75}},"2":{"start":{"line":22,"column":40},"end":{"line":22,"column":52}},"3":{"start":{"line":23,"column":36},"end":{"line":23,"column":50}},"4":{"start":{"line":24,"column":22},"end":{"line":24,"column":38}},"5":{"start":{"line":25,"column":17},"end":{"line":25,"column":39}},"6":{"start":{"line":27,"column":2},"end":{"line":29,"column":9}},"7":{"start":{"line":28,"column":4},"end":{"line":28,"column":18}},"8":{"start":{"line":31,"column":2},"end":{"line":41,"column":29}},"9":{"start":{"line":33,"column":4},"end":{"line":40,"column":5}},"10":{"start":{"line":34,"column":6},"end":{"line":34,"column":34}},"11":{"start":{"line":36,"column":23},"end":{"line":38,"column":7}},"12":{"start":{"line":37,"column":8},"end":{"line":37,"column":67}},"13":{"start":{"line":39,"column":6},"end":{"line":39,"column":35}},"14":{"start":{"line":43,"column":22},"end":{"line":53,"column":3}},"15":{"start":{"line":44,"column":4},"end":{"line":52,"column":5}},"16":{"start":{"line":45,"column":19},"end":{"line":45,"column":52}},"17":{"start":{"line":46,"column":6},"end":{"line":46,"column":23}},"18":{"start":{"line":47,"column":6},"end":{"line":47,"column":31}},"19":{"start":{"line":49,"column":6},"end":{"line":49,"column":53}},"20":{"start":{"line":51,"column":6},"end":{"line":51,"column":26}},"21":{"start":{"line":55,"column":23},"end":{"line":75,"column":3}},"22":{"start":{"line":56,"column":4},"end":{"line":74,"column":6}},"23":{"start":{"line":65,"column":12},"end":{"line":70,"column":13}},"24":{"start":{"line":66,"column":14},"end":{"line":66,"column":57}},"25":{"start":{"line":67,"column":14},"end":{"line":67,"column":34}},"26":{"start":{"line":69,"column":14},"end":{"line":69,"column":67}},"27":{"start":{"line":77,"column":25},"end":{"line":97,"column":3}},"28":{"start":{"line":78,"column":4},"end":{"line":96,"column":6}},"29":{"start":{"line":87,"column":12},"end":{"line":92,"column":13}},"30":{"start":{"line":88,"column":14},"end":{"line":88,"column":50}},"31":{"start":{"line":89,"column":14},"end":{"line":89,"column":34}},"32":{"start":{"line":91,"column":14},"end":{"line":91,"column":62}},"33":{"start":{"line":99,"column":2},"end":{"line":105,"column":3}},"34":{"start":{"line":100,"column":4},"end":{"line":104,"column":6}},"35":{"start":{"line":107,"column":2},"end":{"line":115,"column":3}},"36":{"start":{"line":108,"column":4},"end":{"line":114,"column":6}},"37":{"start":{"line":117,"column":2},"end":{"line":186,"column":4}},"38":{"start":{"line":144,"column":38},"end":{"line":144,"column":56}},"39":{"start":{"line":171,"column":12},"end":{"line":179,"column":19}},"40":{"start":{"line":175,"column":31},"end":{"line":175,"column":52}},"41":{"start":{"line":181,"column":34},"end":{"line":181,"column":41}},"42":{"start":{"line":189,"column":15},"end":{"line":239,"column":2}}},"fnMap":{"0":{"name":"HistoryScreen","decl":{"start":{"line":19,"column":24},"end":{"line":19,"column":37}},"loc":{"start":{"line":19,"column":40},"end":{"line":187,"column":1}},"line":19},"1":{"name":"(anonymous_1)","decl":{"start":{"line":27,"column":12},"end":{"line":27,"column":13}},"loc":{"start":{"line":27,"column":18},"end":{"line":29,"column":3}},"line":27},"2":{"name":"(anonymous_2)","decl":{"start":{"line":31,"column":12},"end":{"line":31,"column":13}},"loc":{"start":{"line":31,"column":18},"end":{"line":41,"column":3}},"line":31},"3":{"name":"(anonymous_3)","decl":{"start":{"line":36,"column":38},"end":{"line":36,"column":39}},"loc":{"start":{"line":37,"column":8},"end":{"line":37,"column":67}},"line":37},"4":{"name":"(anonymous_4)","decl":{"start":{"line":43,"column":22},"end":{"line":43,"column":23}},"loc":{"start":{"line":43,"column":34},"end":{"line":53,"column":3}},"line":43},"5":{"name":"(anonymous_5)","decl":{"start":{"line":55,"column":23},"end":{"line":55,"column":24}},"loc":{"start":{"line":55,"column":39},"end":{"line":75,"column":3}},"line":55},"6":{"name":"(anonymous_6)","decl":{"start":{"line":64,"column":19},"end":{"line":64,"column":20}},"loc":{"start":{"line":64,"column":31},"end":{"line":71,"column":11}},"line":64},"7":{"name":"(anonymous_7)","decl":{"start":{"line":77,"column":25},"end":{"line":77,"column":26}},"loc":{"start":{"line":77,"column":31},"end":{"line":97,"column":3}},"line":77},"8":{"name":"(anonymous_8)","decl":{"start":{"line":86,"column":19},"end":{"line":86,"column":20}},"loc":{"start":{"line":86,"column":31},"end":{"line":93,"column":11}},"line":86},"9":{"name":"(anonymous_9)","decl":{"start":{"line":144,"column":32},"end":{"line":144,"column":33}},"loc":{"start":{"line":144,"column":38},"end":{"line":144,"column":56}},"line":144},"10":{"name":"(anonymous_10)","decl":{"start":{"line":170,"column":22},"end":{"line":170,"column":23}},"loc":{"start":{"line":171,"column":12},"end":{"line":179,"column":19}},"line":171},"11":{"name":"(anonymous_11)","decl":{"start":{"line":175,"column":25},"end":{"line":175,"column":26}},"loc":{"start":{"line":175,"column":31},"end":{"line":175,"column":52}},"line":175},"12":{"name":"(anonymous_12)","decl":{"start":{"line":181,"column":24},"end":{"line":181,"column":25}},"loc":{"start":{"line":181,"column":34},"end":{"line":181,"column":41}},"line":181}},"branchMap":{"0":{"loc":{"start":{"line":33,"column":4},"end":{"line":40,"column":5}},"type":"if","locations":[{"start":{"line":33,"column":4},"end":{"line":40,"column":5}},{"start":{"line":35,"column":11},"end":{"line":40,"column":5}}],"line":33},"1":{"loc":{"start":{"line":99,"column":2},"end":{"line":105,"column":3}},"type":"if","locations":[{"start":{"line":99,"column":2},"end":{"line":105,"column":3}},{"start":{},"end":{}}],"line":99},"2":{"loc":{"start":{"line":107,"column":2},"end":{"line":115,"column":3}},"type":"if","locations":[{"start":{"line":107,"column":2},"end":{"line":115,"column":3}},{"start":{},"end":{}}],"line":107},"3":{"loc":{"start":{"line":128,"column":31},"end":{"line":128,"column":61}},"type":"cond-expr","locations":[{"start":{"line":128,"column":40},"end":{"line":128,"column":49}},{"start":{"line":128,"column":52},"end":{"line":128,"column":61}}],"line":128},"4":{"loc":{"start":{"line":134,"column":19},"end":{"line":134,"column":49}},"type":"cond-expr","locations":[{"start":{"line":134,"column":28},"end":{"line":134,"column":37}},{"start":{"line":134,"column":40},"end":{"line":134,"column":49}}],"line":134},"5":{"loc":{"start":{"line":137,"column":49},"end":{"line":137,"column":73}},"type":"cond-expr","locations":[{"start":{"line":137,"column":58},"end":{"line":137,"column":64}},{"start":{"line":137,"column":67},"end":{"line":137,"column":73}}],"line":137},"6":{"loc":{"start":{"line":139,"column":34},"end":{"line":139,"column":64}},"type":"cond-expr","locations":[{"start":{"line":139,"column":43},"end":{"line":139,"column":52}},{"start":{"line":139,"column":55},"end":{"line":139,"column":64}}],"line":139},"7":{"loc":{"start":{"line":143,"column":11},"end":{"line":151,"column":11}},"type":"binary-expr","locations":[{"start":{"line":143,"column":11},"end":{"line":143,"column":33}},{"start":{"line":144,"column":12},"end":{"line":150,"column":24}}],"line":143},"8":{"loc":{"start":{"line":148,"column":23},"end":{"line":148,"column":53}},"type":"cond-expr","locations":[{"start":{"line":148,"column":32},"end":{"line":148,"column":41}},{"start":{"line":148,"column":44},"end":{"line":148,"column":53}}],"line":148},"9":{"loc":{"start":{"line":154,"column":9},"end":{"line":159,"column":9}},"type":"binary-expr","locations":[{"start":{"line":154,"column":9},"end":{"line":154,"column":27}},{"start":{"line":155,"column":10},"end":{"line":158,"column":22}}],"line":154},"10":{"loc":{"start":{"line":163,"column":7},"end":{"line":184,"column":7}},"type":"cond-expr","locations":[{"start":{"line":164,"column":8},"end":{"line":166,"column":15}},{"start":{"line":168,"column":8},"end":{"line":183,"column":10}}],"line":163}},"s":{"0":0,"1":0,"2":0,"3":0,"4":0,"5":0,"6":0,"7":0,"8":0,"9":0,"10":0,"11":0,"12":0,"13":0,"14":0,"15":0,"16":0,"17":0,"18":0,"19":0,"20":0,"21":0,"22":0,"23":0,"24":0,"25":0,"26":0,"27":0,"28":0,"29":0,"30":0,"31":0,"32":0,"33":0,"34":0,"35":0,"36":0,"37":0,"38":0,"39":0,"40":0,"41":0,"42":0},"f":{"0":0,"1":0,"2":0,"3":0,"4":0,"5":0,"6":0,"7":0,"8":0,"9":0,"10":0,"11":0,"12":0},"b":{"0":[0,0],"1":[0,0],"2":[0,0],"3":[0,0],"4":[0,0],"5":[0,0],"6":[0,0],"7":[0,0],"8":[0,0],"9":[0,0],"10":[0,0]}}
,"C:\\Users\\angel\\school\\SignSpeak\\app\\(tabs)\\index.tsx": {"path":"C:\\Users\\angel\\school\\SignSpeak\\app\\(tabs)\\index.tsx","statementMap":{"0":{"start":{"line":17,"column":17},"end":{"line":17,"column":28}},"1":{"start":{"line":18,"column":42},"end":{"line":18,"column":57}},"2":{"start":{"line":19,"column":42},"end":{"line":19,"column":57}},"3":{"start":{"line":20,"column":38},"end":{"line":20,"column":72}},"4":{"start":{"line":21,"column":20},"end":{"line":21,"column":50}},"5":{"start":{"line":23,"column":24},"end":{"line":70,"column":3}},"6":{"start":{"line":24,"column":4},"end":{"line":24,"column":26}},"7":{"start":{"line":26,"column":4},"end":{"line":69,"column":5}},"8":{"start":{"line":28,"column":21},"end":{"line":28,"column":69}},"9":{"start":{"line":30,"column":6},"end":{"line":60,"column":7}},"10":{"start":{"line":32,"column":41},"end":{"line":39,"column":9}},"11":{"start":{"line":42,"column":8},"end":{"line":42,"column":58}},"12":{"start":{"line":45,"column":8},"end":{"line":54,"column":11}},"13":{"start":{"line":56,"column":8},"end":{"line":59,"column":10}},"14":{"start":{"line":62,"column":6},"end":{"line":62,"column":60}},"15":{"start":{"line":63,"column":6},"end":{"line":66,"column":8}},"16":{"start":{"line":68,"column":6},"end":{"line":68,"column":29}},"17":{"start":{"line":72,"column":22},"end":{"line":74,"column":3}},"18":{"start":{"line":73,"column":4},"end":{"line":73,"column":35}},"19":{"start":{"line":76,"column":23},"end":{"line":78,"column":3}},"20":{"start":{"line":77,"column":4},"end":{"line":77,"column":60}},"21":{"start":{"line":80,"column":29},"end":{"line":84,"column":3}},"22":{"start":{"line":81,"column":4},"end":{"line":83,"column":5}},"23":{"start":{"line":82,"column":6},"end":{"line":82,"column":34}},"24":{"start":{"line":86,"column":2},"end":{"line":129,"column":4}},"25":{"start":{"line":132,"column":15},"end":{"line":171,"column":2}}},"fnMap":{"0":{"name":"CameraScreen","decl":{"start":{"line":16,"column":24},"end":{"line":16,"column":36}},"loc":{"start":{"line":16,"column":39},"end":{"line":130,"column":1}},"line":16},"1":{"name":"(anonymous_1)","decl":{"start":{"line":23,"column":24},"end":{"line":23,"column":25}},"loc":{"start":{"line":23,"column":52},"end":{"line":70,"column":3}},"line":23},"2":{"name":"(anonymous_2)","decl":{"start":{"line":72,"column":22},"end":{"line":72,"column":23}},"loc":{"start":{"line":72,"column":28},"end":{"line":74,"column":3}},"line":72},"3":{"name":"(anonymous_3)","decl":{"start":{"line":76,"column":23},"end":{"line":76,"column":24}},"loc":{"start":{"line":76,"column":29},"end":{"line":78,"column":3}},"line":76},"4":{"name":"(anonymous_4)","decl":{"start":{"line":80,"column":29},"end":{"line":80,"column":30}},"loc":{"start":{"line":80,"column":35},"end":{"line":84,"column":3}},"line":80}},"branchMap":{"0":{"loc":{"start":{"line":30,"column":6},"end":{"line":60,"column":7}},"type":"if","locations":[{"start":{"line":30,"column":6},"end":{"line":60,"column":7}},{"start":{"line":55,"column":13},"end":{"line":60,"column":7}}],"line":30},"1":{"loc":{"start":{"line":30,"column":10},"end":{"line":30,"column":39}},"type":"binary-expr","locations":[{"start":{"line":30,"column":10},"end":{"line":30,"column":24}},{"start":{"line":30,"column":28},"end":{"line":30,"column":39}}],"line":30},"2":{"loc":{"start":{"line":58,"column":10},"end":{"line":58,"column":71}},"type":"binary-expr","locations":[{"start":{"line":58,"column":10},"end":{"line":58,"column":22}},{"start":{"line":58,"column":26},"end":{"line":58,"column":71}}],"line":58},"3":{"loc":{"start":{"line":77,"column":18},"end":{"line":77,"column":58}},"type":"cond-expr","locations":[{"start":{"line":77,"column":42},"end":{"line":77,"column":49}},{"start":{"line":77,"column":52},"end":{"line":77,"column":58}}],"line":77},"4":{"loc":{"start":{"line":81,"column":4},"end":{"line":83,"column":5}},"type":"if","locations":[{"start":{"line":81,"column":4},"end":{"line":83,"column":5}},{"start":{},"end":{}}],"line":81},"5":{"loc":{"start":{"line":88,"column":7},"end":{"line":90,"column":7}},"type":"binary-expr","locations":[{"start":{"line":88,"column":7},"end":{"line":88,"column":19}},{"start":{"line":89,"column":8},"end":{"line":89,"column":73}}],"line":88},"6":{"loc":{"start":{"line":105,"column":20},"end":{"line":105,"column":56}},"type":"cond-expr","locations":[{"start":{"line":105,"column":35},"end":{"line":105,"column":42}},{"start":{"line":105,"column":45},"end":{"line":105,"column":56}}],"line":105}},"s":{"0":0,"1":0,"2":0,"3":0,"4":0,"5":0,"6":0,"7":0,"8":0,"9":0,"10":0,"11":0,"12":0,"13":0,"14":0,"15":0,"16":0,"17":0,"18":0,"19":0,"20":0,"21":0,"22":0,"23":0,"24":0,"25":0},"f":{"0":0,"1":0,"2":0,"3":0,"4":0},"b":{"0":[0,0],"1":[0,0],"2":[0,0],"3":[0,0],"4":[0,0],"5":[0,0],"6":[0,0]}}
,"C:\\Users\\angel\\school\\SignSpeak\\app\\(tabs)\\settings.tsx": {"path":"C:\\Users\\angel\\school\\SignSpeak\\app\\(tabs)\\settings.tsx","statementMap":{"0":{"start":{"line":19,"column":22},"end":{"line":19,"column":38}},"1":{"start":{"line":20,"column":17},"end":{"line":20,"column":39}},"2":{"start":{"line":22,"column":40},"end":{"line":24,"column":3}},"3":{"start":{"line":25,"column":34},"end":{"line":25,"column":48}},"4":{"start":{"line":26,"column":42},"end":{"line":26,"column":57}},"5":{"start":{"line":27,"column":38},"end":{"line":27,"column":72}},"6":{"start":{"line":28,"column":38},"end":{"line":30,"column":3}},"7":{"start":{"line":32,"column":2},"end":{"line":34,"column":9}},"8":{"start":{"line":33,"column":4},"end":{"line":33,"column":19}},"9":{"start":{"line":36,"column":23},"end":{"line":45,"column":3}},"10":{"start":{"line":37,"column":21},"end":{"line":37,"column":55}},"11":{"start":{"line":38,"column":4},"end":{"line":44,"column":5}},"12":{"start":{"line":39,"column":6},"end":{"line":39,"column":43}},"13":{"start":{"line":40,"column":6},"end":{"line":40,"column":37}},"14":{"start":{"line":41,"column":6},"end":{"line":41,"column":60}},"15":{"start":{"line":42,"column":6},"end":{"line":42,"column":56}},"16":{"start":{"line":43,"column":6},"end":{"line":43,"column":56}},"17":{"start":{"line":47,"column":23},"end":{"line":64,"column":3}},"18":{"start":{"line":48,"column":34},"end":{"line":56,"column":5}},"19":{"start":{"line":58,"column":4},"end":{"line":63,"column":5}},"20":{"start":{"line":59,"column":6},"end":{"line":59,"column":50}},"21":{"start":{"line":60,"column":6},"end":{"line":60,"column":61}},"22":{"start":{"line":62,"column":6},"end":{"line":62,"column":54}},"23":{"start":{"line":66,"column":29},"end":{"line":86,"column":3}},"24":{"start":{"line":67,"column":4},"end":{"line":85,"column":6}},"25":{"start":{"line":76,"column":12},"end":{"line":81,"column":13}},"26":{"start":{"line":77,"column":14},"end":{"line":77,"column":50}},"27":{"start":{"line":78,"column":14},"end":{"line":78,"column":69}},"28":{"start":{"line":80,"column":14},"end":{"line":80,"column":62}},"29":{"start":{"line":88,"column":2},"end":{"line":253,"column":4}},"30":{"start":{"line":149,"column":16},"end":{"line":149,"column":71}},"31":{"start":{"line":162,"column":16},"end":{"line":185,"column":28}},"32":{"start":{"line":175,"column":33},"end":{"line":175,"column":51}},"33":{"start":{"line":256,"column":15},"end":{"line":339,"column":2}}},"fnMap":{"0":{"name":"SettingsScreen","decl":{"start":{"line":18,"column":24},"end":{"line":18,"column":38}},"loc":{"start":{"line":18,"column":41},"end":{"line":254,"column":1}},"line":18},"1":{"name":"(anonymous_1)","decl":{"start":{"line":32,"column":12},"end":{"line":32,"column":13}},"loc":{"start":{"line":32,"column":18},"end":{"line":34,"column":3}},"line":32},"2":{"name":"(anonymous_2)","decl":{"start":{"line":36,"column":23},"end":{"line":36,"column":24}},"loc":{"start":{"line":36,"column":35},"end":{"line":45,"column":3}},"line":36},"3":{"name":"(anonymous_3)","decl":{"start":{"line":47,"column":23},"end":{"line":47,"column":24}},"loc":{"start":{"line":47,"column":35},"end":{"line":64,"column":3}},"line":47},"4":{"name":"(anonymous_4)","decl":{"start":{"line":66,"column":29},"end":{"line":66,"column":30}},"loc":{"start":{"line":66,"column":35},"end":{"line":86,"column":3}},"line":66},"5":{"name":"(anonymous_5)","decl":{"start":{"line":75,"column":19},"end":{"line":75,"column":20}},"loc":{"start":{"line":75,"column":31},"end":{"line":82,"column":11}},"line":75},"6":{"name":"(anonymous_6)","decl":{"start":{"line":148,"column":23},"end":{"line":148,"column":24}},"loc":{"start":{"line":149,"column":16},"end":{"line":149,"column":71}},"line":149},"7":{"name":"(anonymous_7)","decl":{"start":{"line":161,"column":56},"end":{"line":161,"column":57}},"loc":{"start":{"line":162,"column":16},"end":{"line":185,"column":28}},"line":162},"8":{"name":"(anonymous_8)","decl":{"start":{"line":175,"column":27},"end":{"line":175,"column":28}},"loc":{"start":{"line":175,"column":33},"end":{"line":175,"column":51}},"line":175}},"branchMap":{"0":{"loc":{"start":{"line":38,"column":4},"end":{"line":44,"column":5}},"type":"if","locations":[{"start":{"line":38,"column":4},"end":{"line":44,"column":5}},{"start":{},"end":{}}],"line":38},"1":{"loc":{"start":{"line":110,"column":35},"end":{"line":110,"column":65}},"type":"cond-expr","locations":[{"start":{"line":110,"column":44},"end":{"line":110,"column":53}},{"start":{"line":110,"column":56},"end":{"line":110,"column":65}}],"line":110},"2":{"loc":{"start":{"line":111,"column":25},"end":{"line":111,"column":49}},"type":"cond-expr","locations":[{"start":{"line":111,"column":34},"end":{"line":111,"column":40}},{"start":{"line":111,"column":43},"end":{"line":111,"column":49}}],"line":111},"3":{"loc":{"start":{"line":117,"column":36},"end":{"line":117,"column":66}},"type":"cond-expr","locations":[{"start":{"line":117,"column":45},"end":{"line":117,"column":54}},{"start":{"line":117,"column":57},"end":{"line":117,"column":66}}],"line":117},"4":{"loc":{"start":{"line":146,"column":35},"end":{"line":146,"column":65}},"type":"cond-expr","locations":[{"start":{"line":146,"column":44},"end":{"line":146,"column":53}},{"start":{"line":146,"column":56},"end":{"line":146,"column":65}}],"line":146},"5":{"loc":{"start":{"line":149,"column":30},"end":{"line":149,"column":70}},"type":"cond-expr","locations":[{"start":{"line":149,"column":54},"end":{"line":149,"column":61}},{"start":{"line":149,"column":64},"end":{"line":149,"column":70}}],"line":149},"6":{"loc":{"start":{"line":153,"column":17},"end":{"line":153,"column":57}},"type":"cond-expr","locations":[{"start":{"line":153,"column":41},"end":{"line":153,"column":47}},{"start":{"line":153,"column":50},"end":{"line":153,"column":57}}],"line":153},"7":{"loc":{"start":{"line":168,"column":24},"end":{"line":172,"column":39}},"type":"cond-expr","locations":[{"start":{"line":169,"column":28},"end":{"line":169,"column":37}},{"start":{"line":170,"column":28},"end":{"line":172,"column":39}}],"line":168},"8":{"loc":{"start":{"line":170,"column":28},"end":{"line":172,"column":39}},"type":"cond-expr","locations":[{"start":{"line":171,"column":30},"end":{"line":171,"column":39}},{"start":{"line":172,"column":30},"end":{"line":172,"column":39}}],"line":170},"9":{"loc":{"start":{"line":180,"column":24},"end":{"line":180,"column":78}},"type":"cond-expr","locations":[{"start":{"line":180,"column":45},"end":{"line":180,"column":51}},{"start":{"line":180,"column":54},"end":{"line":180,"column":78}}],"line":180},"10":{"loc":{"start":{"line":180,"column":54},"end":{"line":180,"column":78}},"type":"cond-expr","locations":[{"start":{"line":180,"column":63},"end":{"line":180,"column":69}},{"start":{"line":180,"column":72},"end":{"line":180,"column":78}}],"line":180},"11":{"loc":{"start":{"line":206,"column":35},"end":{"line":206,"column":65}},"type":"cond-expr","locations":[{"start":{"line":206,"column":44},"end":{"line":206,"column":53}},{"start":{"line":206,"column":56},"end":{"line":206,"column":65}}],"line":206},"12":{"loc":{"start":{"line":207,"column":25},"end":{"line":207,"column":49}},"type":"cond-expr","locations":[{"start":{"line":207,"column":34},"end":{"line":207,"column":40}},{"start":{"line":207,"column":43},"end":{"line":207,"column":49}}],"line":207},"13":{"loc":{"start":{"line":213,"column":36},"end":{"line":213,"column":66}},"type":"cond-expr","locations":[{"start":{"line":213,"column":45},"end":{"line":213,"column":54}},{"start":{"line":213,"column":57},"end":{"line":213,"column":66}}],"line":213}},"s":{"0":0,"1":0,"2":0,"3":0,"4":0,"5":0,"6":0,"7":0,"8":0,"9":0,"10":0,"11":0,"12":0,"13":0,"14":0,"15":0,"16":0,"17":0,"18":0,"19":0,"20":0,"21":0,"22":0,"23":0,"24":0,"25":0,"26":0,"27":0,"28":0,"29":0,"30":0,"31":0,"32":0,"33":0},"f":{"0":0,"1":0,"2":0,"3":0,"4":0,"5":0,"6":0,"7":0,"8":0},"b":{"0":[0,0],"1":[0,0],"2":[0,0],"3":[0,0],"4":[0,0],"5":[0,0],"6":[0,0],"7":[0,0],"8":[0,0],"9":[0,0],"10":[0,0],"11":[0,0],"12":[0,0],"13":[0,0]}}
,"C:\\Users\\angel\\school\\SignSpeak\\components\\camera-view.tsx": {"path":"C:\\Users\\angel\\school\\SignSpeak\\components\\camera-view.tsx","statementMap":{"0":{"start":{"line":17,"column":28},"end":{"line":93,"column":2}},"1":{"start":{"line":21,"column":42},"end":{"line":21,"column":64}},"2":{"start":{"line":22,"column":20},"end":{"line":22,"column":44}},"3":{"start":{"line":24,"column":2},"end":{"line":41,"column":6}},"4":{"start":{"line":24,"column":34},"end":{"line":41,"column":3}},"5":{"start":{"line":26,"column":6},"end":{"line":39,"column":7}},"6":{"start":{"line":27,"column":8},"end":{"line":38,"column":9}},"7":{"start":{"line":28,"column":24},"end":{"line":31,"column":12}},"8":{"start":{"line":32,"column":10},"end":{"line":34,"column":11}},"9":{"start":{"line":33,"column":12},"end":{"line":33,"column":33}},"10":{"start":{"line":36,"column":10},"end":{"line":36,"column":56}},"11":{"start":{"line":37,"column":10},"end":{"line":37,"column":77}},"12":{"start":{"line":43,"column":2},"end":{"line":49,"column":3}},"13":{"start":{"line":44,"column":4},"end":{"line":48,"column":6}},"14":{"start":{"line":51,"column":2},"end":{"line":71,"column":3}},"15":{"start":{"line":52,"column":4},"end":{"line":70,"column":6}},"16":{"start":{"line":73,"column":2},"end":{"line":92,"column":4}},"17":{"start":{"line":95,"column":0},"end":{"line":95,"column":56}},"18":{"start":{"line":99,"column":15},"end":{"line":163,"column":2}}},"fnMap":{"0":{"name":"(anonymous_0)","decl":{"start":{"line":20,"column":2},"end":{"line":20,"column":3}},"loc":{"start":{"line":20,"column":69},"end":{"line":93,"column":1}},"line":20},"1":{"name":"(anonymous_1)","decl":{"start":{"line":24,"column":27},"end":{"line":24,"column":28}},"loc":{"start":{"line":24,"column":34},"end":{"line":41,"column":3}},"line":24},"2":{"name":"(anonymous_2)","decl":{"start":{"line":25,"column":13},"end":{"line":25,"column":14}},"loc":{"start":{"line":25,"column":25},"end":{"line":40,"column":5}},"line":25}},"branchMap":{"0":{"loc":{"start":{"line":20,"column":16},"end":{"line":20,"column":35}},"type":"default-arg","locations":[{"start":{"line":20,"column":29},"end":{"line":20,"column":35}}],"line":20},"1":{"loc":{"start":{"line":20,"column":37},"end":{"line":20,"column":57}},"type":"default-arg","locations":[{"start":{"line":20,"column":52},"end":{"line":20,"column":57}}],"line":20},"2":{"loc":{"start":{"line":26,"column":6},"end":{"line":39,"column":7}},"type":"if","locations":[{"start":{"line":26,"column":6},"end":{"line":39,"column":7}},{"start":{},"end":{}}],"line":26},"3":{"loc":{"start":{"line":32,"column":10},"end":{"line":34,"column":11}},"type":"if","locations":[{"start":{"line":32,"column":10},"end":{"line":34,"column":11}},{"start":{},"end":{}}],"line":32},"4":{"loc":{"start":{"line":43,"column":2},"end":{"line":49,"column":3}},"type":"if","locations":[{"start":{"line":43,"column":2},"end":{"line":49,"column":3}},{"start":{},"end":{}}],"line":43},"5":{"loc":{"start":{"line":51,"column":2},"end":{"line":71,"column":3}},"type":"if","locations":[{"start":{"line":51,"column":2},"end":{"line":71,"column":3}},{"start":{},"end":{}}],"line":51},"6":{"loc":{"start":{"line":79,"column":15},"end":{"line":79,"column":42}},"type":"cond-expr","locations":[{"start":{"line":79,"column":30},"end":{"line":79,"column":34}},{"start":{"line":79,"column":37},"end":{"line":79,"column":42}}],"line":79}},"s":{"0":0,"1":0,"2":0,"3":0,"4":0,"5":0,"6":0,"7":0,"8":0,"9":0,"10":0,"11":0,"12":0,"13":0,"14":0,"15":0,"16":0,"17":0,"18":0},"f":{"0":0,"1":0,"2":0},"b":{"0":[0],"1":[0],"2":[0,0],"3":[0,0],"4":[0,0],"5":[0,0],"6":[0,0]}}
,"C:\\Users\\angel\\school\\SignSpeak\\components\\error-message.tsx": {"path":"C:\\Users\\angel\\school\\SignSpeak\\components\\error-message.tsx","statementMap":{"0":{"start":{"line":19,"column":18},"end":{"line":30,"column":3}},"1":{"start":{"line":20,"column":4},"end":{"line":29,"column":5}},"2":{"start":{"line":22,"column":8},"end":{"line":22,"column":20}},"3":{"start":{"line":24,"column":8},"end":{"line":24,"column":20}},"4":{"start":{"line":26,"column":8},"end":{"line":26,"column":20}},"5":{"start":{"line":28,"column":8},"end":{"line":28,"column":19}},"6":{"start":{"line":32,"column":2},"end":{"line":52,"column":4}},"7":{"start":{"line":55,"column":15},"end":{"line":90,"column":2}}},"fnMap":{"0":{"name":"ErrorMessage","decl":{"start":{"line":13,"column":24},"end":{"line":13,"column":36}},"loc":{"start":{"line":18,"column":22},"end":{"line":53,"column":1}},"line":18},"1":{"name":"(anonymous_1)","decl":{"start":{"line":19,"column":18},"end":{"line":19,"column":19}},"loc":{"start":{"line":19,"column":24},"end":{"line":30,"column":3}},"line":19}},"branchMap":{"0":{"loc":{"start":{"line":17,"column":2},"end":{"line":17,"column":18}},"type":"default-arg","locations":[{"start":{"line":17,"column":9},"end":{"line":17,"column":18}}],"line":17},"1":{"loc":{"start":{"line":20,"column":4},"end":{"line":29,"column":5}},"type":"switch","locations":[{"start":{"line":21,"column":6},"end":{"line":22,"column":20}},{"start":{"line":23,"column":6},"end":{"line":24,"column":20}},{"start":{"line":25,"column":6},"end":{"line":26,"column":20}},{"start":{"line":27,"column":6},"end":{"line":28,"column":19}}],"line":20},"2":{"loc":{"start":{"line":41,"column":9},"end":{"line":49,"column":9}},"type":"binary-expr","locations":[{"start":{"line":41,"column":9},"end":{"line":41,"column":16}},{"start":{"line":42,"column":10},"end":{"line":48,"column":22}}],"line":41}},"s":{"0":0,"1":0,"2":0,"3":0,"4":0,"5":0,"6":0,"7":0},"f":{"0":0,"1":0},"b":{"0":[0],"1":[0,0,0,0],"2":[0,0]}}
,"C:\\Users\\angel\\school\\SignSpeak\\components\\external-link.tsx": {"path":"C:\\Users\\angel\\school\\SignSpeak\\components\\external-link.tsx","statementMap":{"0":{"start":{"line":8,"column":2},"end":{"line":24,"column":4}},"1":{"start":{"line":14,"column":8},"end":{"line":21,"column":9}},"2":{"start":{"line":16,"column":10},"end":{"line":16,"column":33}},"3":{"start":{"line":18,"column":10},"end":{"line":20,"column":13}}},"fnMap":{"0":{"name":"ExternalLink","decl":{"start":{"line":7,"column":16},"end":{"line":7,"column":28}},"loc":{"start":{"line":7,"column":55},"end":{"line":25,"column":1}},"line":7},"1":{"name":"(anonymous_1)","decl":{"start":{"line":13,"column":15},"end":{"line":13,"column":16}},"loc":{"start":{"line":13,"column":32},"end":{"line":22,"column":7}},"line":13}},"branchMap":{"0":{"loc":{"start":{"line":14,"column":8},"end":{"line":21,"column":9}},"type":"if","locations":[{"start":{"line":14,"column":8},"end":{"line":21,"column":9}},{"start":{},"end":{}}],"line":14}},"s":{"0":0,"1":0,"2":0,"3":0},"f":{"0":0,"1":0},"b":{"0":[0,0]}}
,"C:\\Users\\angel\\school\\SignSpeak\\components\\haptic-tab.tsx": {"path":"C:\\Users\\angel\\school\\SignSpeak\\components\\haptic-tab.tsx","statementMap":{"0":{"start":{"line":6,"column":2},"end":{"line":17,"column":4}},"1":{"start":{"line":10,"column":8},"end":{"line":13,"column":9}},"2":{"start":{"line":12,"column":10},"end":{"line":12,"column":65}},"3":{"start":{"line":14,"column":8},"end":{"line":14,"column":30}}},"fnMap":{"0":{"name":"HapticTab","decl":{"start":{"line":5,"column":16},"end":{"line":5,"column":25}},"loc":{"start":{"line":5,"column":58},"end":{"line":18,"column":1}},"line":5},"1":{"name":"(anonymous_1)","decl":{"start":{"line":9,"column":17},"end":{"line":9,"column":18}},"loc":{"start":{"line":9,"column":25},"end":{"line":15,"column":7}},"line":9}},"branchMap":{"0":{"loc":{"start":{"line":10,"column":8},"end":{"line":13,"column":9}},"type":"if","locations":[{"start":{"line":10,"column":8},"end":{"line":13,"column":9}},{"start":{},"end":{}}],"line":10}},"s":{"0":0,"1":0,"2":0,"3":0},"f":{"0":0,"1":0},"b":{"0":[0,0]}}
,"C:\\Users\\angel\\school\\SignSpeak\\components\\hello-wave.tsx": {"path":"C:\\Users\\angel\\school\\SignSpeak\\components\\hello-wave.tsx","statementMap":{"0":{"start":{"line":4,"column":2},"end":{"line":18,"column":4}}},"fnMap":{"0":{"name":"HelloWave","decl":{"start":{"line":3,"column":16},"end":{"line":3,"column":25}},"loc":{"start":{"line":3,"column":28},"end":{"line":19,"column":1}},"line":3}},"branchMap":{},"s":{"0":0},"f":{"0":0},"b":{}}
,"C:\\Users\\angel\\school\\SignSpeak\\components\\parallax-scroll-view.tsx": {"path":"C:\\Users\\angel\\school\\SignSpeak\\components\\parallax-scroll-view.tsx","statementMap":{"0":{"start":{"line":14,"column":22},"end":{"line":14,"column":25}},"1":{"start":{"line":26,"column":26},"end":{"line":26,"column":57}},"2":{"start":{"line":27,"column":22},"end":{"line":27,"column":49}},"3":{"start":{"line":28,"column":20},"end":{"line":28,"column":57}},"4":{"start":{"line":29,"column":23},"end":{"line":29,"column":49}},"5":{"start":{"line":30,"column":30},"end":{"line":45,"column":4}},"6":{"start":{"line":31,"column":4},"end":{"line":44,"column":6}},"7":{"start":{"line":47,"column":2},"end":{"line":62,"column":4}},"8":{"start":{"line":65,"column":15},"end":{"line":79,"column":2}}},"fnMap":{"0":{"name":"ParallaxScrollView","decl":{"start":{"line":21,"column":24},"end":{"line":21,"column":42}},"loc":{"start":{"line":25,"column":10},"end":{"line":63,"column":1}},"line":25},"1":{"name":"(anonymous_1)","decl":{"start":{"line":30,"column":47},"end":{"line":30,"column":48}},"loc":{"start":{"line":30,"column":53},"end":{"line":45,"column":3}},"line":30}},"branchMap":{"0":{"loc":{"start":{"line":27,"column":22},"end":{"line":27,"column":49}},"type":"binary-expr","locations":[{"start":{"line":27,"column":22},"end":{"line":27,"column":38}},{"start":{"line":27,"column":42},"end":{"line":27,"column":49}}],"line":27}},"s":{"0":0,"1":0,"2":0,"3":0,"4":0,"5":0,"6":0,"7":0,"8":0},"f":{"0":0,"1":0},"b":{"0":[0,0]}}
,"C:\\Users\\angel\\school\\SignSpeak\\components\\processing-overlay.tsx": {"path":"C:\\Users\\angel\\school\\SignSpeak\\components\\processing-overlay.tsx","statementMap":{"0":{"start":{"line":13,"column":22},"end":{"line":13,"column":38}},"1":{"start":{"line":14,"column":17},"end":{"line":14,"column":39}},"2":{"start":{"line":16,"column":2},"end":{"line":32,"column":4}},"3":{"start":{"line":35,"column":15},"end":{"line":50,"column":2}}},"fnMap":{"0":{"name":"ProcessingOverlay","decl":{"start":{"line":10,"column":24},"end":{"line":10,"column":41}},"loc":{"start":{"line":12,"column":27},"end":{"line":33,"column":1}},"line":12}},"branchMap":{"0":{"loc":{"start":{"line":11,"column":2},"end":{"line":11,"column":41}},"type":"default-arg","locations":[{"start":{"line":11,"column":12},"end":{"line":11,"column":41}}],"line":11},"1":{"loc":{"start":{"line":21,"column":27},"end":{"line":23,"column":41}},"type":"cond-expr","locations":[{"start":{"line":22,"column":14},"end":{"line":22,"column":35}},{"start":{"line":23,"column":14},"end":{"line":23,"column":41}}],"line":21}},"s":{"0":0,"1":0,"2":0,"3":0},"f":{"0":0},"b":{"0":[0],"1":[0,0]}}
,"C:\\Users\\angel\\school\\SignSpeak\\components\\themed-text.tsx": {"path":"C:\\Users\\angel\\school\\SignSpeak\\components\\themed-text.tsx","statementMap":{"0":{"start":{"line":18,"column":16},"end":{"line":18,"column":77}},"1":{"start":{"line":20,"column":2},"end":{"line":33,"column":4}},"2":{"start":{"line":36,"column":15},"end":{"line":60,"column":2}}},"fnMap":{"0":{"name":"ThemedText","decl":{"start":{"line":11,"column":16},"end":{"line":11,"column":26}},"loc":{"start":{"line":17,"column":20},"end":{"line":34,"column":1}},"line":17}},"branchMap":{"0":{"loc":{"start":{"line":15,"column":2},"end":{"line":15,"column":18}},"type":"default-arg","locations":[{"start":{"line":15,"column":9},"end":{"line":15,"column":18}}],"line":15},"1":{"loc":{"start":{"line":24,"column":8},"end":{"line":24,"column":55}},"type":"cond-expr","locations":[{"start":{"line":24,"column":29},"end":{"line":24,"column":43}},{"start":{"line":24,"column":46},"end":{"line":24,"column":55}}],"line":24},"2":{"loc":{"start":{"line":25,"column":8},"end":{"line":25,"column":51}},"type":"cond-expr","locations":[{"start":{"line":25,"column":27},"end":{"line":25,"column":39}},{"start":{"line":25,"column":42},"end":{"line":25,"column":51}}],"line":25},"3":{"loc":{"start":{"line":26,"column":8},"end":{"line":26,"column":71}},"type":"cond-expr","locations":[{"start":{"line":26,"column":37},"end":{"line":26,"column":59}},{"start":{"line":26,"column":62},"end":{"line":26,"column":71}}],"line":26},"4":{"loc":{"start":{"line":27,"column":8},"end":{"line":27,"column":57}},"type":"cond-expr","locations":[{"start":{"line":27,"column":30},"end":{"line":27,"column":45}},{"start":{"line":27,"column":48},"end":{"line":27,"column":57}}],"line":27},"5":{"loc":{"start":{"line":28,"column":8},"end":{"line":28,"column":49}},"type":"cond-expr","locations":[{"start":{"line":28,"column":26},"end":{"line":28,"column":37}},{"start":{"line":28,"column":40},"end":{"line":28,"column":49}}],"line":28}},"s":{"0":0,"1":0,"2":0},"f":{"0":0},"b":{"0":[0],"1":[0,0],"2":[0,0],"3":[0,0],"4":[0,0],"5":[0,0]}}
,"C:\\Users\\angel\\school\\SignSpeak\\components\\themed-view.tsx": {"path":"C:\\Users\\angel\\school\\SignSpeak\\components\\themed-view.tsx","statementMap":{"0":{"start":{"line":11,"column":26},"end":{"line":11,"column":93}},"1":{"start":{"line":13,"column":2},"end":{"line":13,"column":71}}},"fnMap":{"0":{"name":"ThemedView","decl":{"start":{"line":10,"column":16},"end":{"line":10,"column":26}},"loc":{"start":{"line":10,"column":93},"end":{"line":14,"column":1}},"line":10}},"branchMap":{},"s":{"0":0,"1":0},"f":{"0":0},"b":{}}
,"C:\\Users\\angel\\school\\SignSpeak\\components\\translation-card.tsx": {"path":"C:\\Users\\angel\\school\\SignSpeak\\components\\translation-card.tsx","statementMap":{"0":{"start":{"line":17,"column":22},"end":{"line":17,"column":38}},"1":{"start":{"line":18,"column":17},"end":{"line":18,"column":39}},"2":{"start":{"line":20,"column":21},"end":{"line":33,"column":3}},"3":{"start":{"line":21,"column":17},"end":{"line":21,"column":36}},"4":{"start":{"line":22,"column":16},"end":{"line":22,"column":26}},"5":{"start":{"line":23,"column":19},"end":{"line":23,"column":49}},"6":{"start":{"line":24,"column":21},"end":{"line":24,"column":47}},"7":{"start":{"line":25,"column":22},"end":{"line":25,"column":50}},"8":{"start":{"line":26,"column":21},"end":{"line":26,"column":50}},"9":{"start":{"line":28,"column":4},"end":{"line":28,"column":42}},"10":{"start":{"line":28,"column":23},"end":{"line":28,"column":41}},"11":{"start":{"line":29,"column":4},"end":{"line":29,"column":51}},"12":{"start":{"line":29,"column":24},"end":{"line":29,"column":50}},"13":{"start":{"line":30,"column":4},"end":{"line":30,"column":53}},"14":{"start":{"line":30,"column":25},"end":{"line":30,"column":52}},"15":{"start":{"line":31,"column":4},"end":{"line":31,"column":50}},"16":{"start":{"line":31,"column":23},"end":{"line":31,"column":49}},"17":{"start":{"line":32,"column":4},"end":{"line":32,"column":37}},"18":{"start":{"line":35,"column":29},"end":{"line":39,"column":3}},"19":{"start":{"line":36,"column":4},"end":{"line":36,"column":46}},"20":{"start":{"line":36,"column":28},"end":{"line":36,"column":45}},"21":{"start":{"line":37,"column":4},"end":{"line":37,"column":46}},"22":{"start":{"line":37,"column":28},"end":{"line":37,"column":45}},"23":{"start":{"line":38,"column":4},"end":{"line":38,"column":21}},"24":{"start":{"line":41,"column":2},"end":{"line":91,"column":4}},"25":{"start":{"line":94,"column":15},"end":{"line":159,"column":2}}},"fnMap":{"0":{"name":"TranslationCard","decl":{"start":{"line":13,"column":24},"end":{"line":13,"column":39}},"loc":{"start":{"line":16,"column":25},"end":{"line":92,"column":1}},"line":16},"1":{"name":"(anonymous_1)","decl":{"start":{"line":20,"column":21},"end":{"line":20,"column":22}},"loc":{"start":{"line":20,"column":44},"end":{"line":33,"column":3}},"line":20},"2":{"name":"(anonymous_2)","decl":{"start":{"line":35,"column":29},"end":{"line":35,"column":30}},"loc":{"start":{"line":35,"column":53},"end":{"line":39,"column":3}},"line":35}},"branchMap":{"0":{"loc":{"start":{"line":28,"column":4},"end":{"line":28,"column":42}},"type":"if","locations":[{"start":{"line":28,"column":4},"end":{"line":28,"column":42}},{"start":{},"end":{}}],"line":28},"1":{"loc":{"start":{"line":29,"column":4},"end":{"line":29,"column":51}},"type":"if","locations":[{"start":{"line":29,"column":4},"end":{"line":29,"column":51}},{"start":{},"end":{}}],"line":29},"2":{"loc":{"start":{"line":30,"column":4},"end":{"line":30,"column":53}},"type":"if","locations":[{"start":{"line":30,"column":4},"end":{"line":30,"column":53}},{"start":{},"end":{}}],"line":30},"3":{"loc":{"start":{"line":31,"column":4},"end":{"line":31,"column":50}},"type":"if","locations":[{"start":{"line":31,"column":4},"end":{"line":31,"column":50}},{"start":{},"end":{}}],"line":31},"4":{"loc":{"start":{"line":36,"column":4},"end":{"line":36,"column":46}},"type":"if","locations":[{"start":{"line":36,"column":4},"end":{"line":36,"column":46}},{"start":{},"end":{}}],"line":36},"5":{"loc":{"start":{"line":37,"column":4},"end":{"line":37,"column":46}},"type":"if","locations":[{"start":{"line":37,"column":4},"end":{"line":37,"column":46}},{"start":{},"end":{}}],"line":37},"6":{"loc":{"start":{"line":47,"column":29},"end":{"line":47,"column":56}},"type":"cond-expr","locations":[{"start":{"line":47,"column":38},"end":{"line":47,"column":47}},{"start":{"line":47,"column":50},"end":{"line":47,"column":56}}],"line":47},"7":{"loc":{"start":{"line":48,"column":25},"end":{"line":48,"column":49}},"type":"cond-expr","locations":[{"start":{"line":48,"column":34},"end":{"line":48,"column":40}},{"start":{"line":48,"column":43},"end":{"line":48,"column":49}}],"line":48}},"s":{"0":0,"1":0,"2":0,"3":0,"4":0,"5":0,"6":0,"7":0,"8":0,"9":0,"10":0,"11":0,"12":0,"13":0,"14":0,"15":0,"16":0,"17":0,"18":0,"19":0,"20":0,"21":0,"22":0,"23":0,"24":0,"25":0},"f":{"0":0,"1":0,"2":0},"b":{"0":[0,0],"1":[0,0],"2":[0,0],"3":[0,0],"4":[0,0],"5":[0,0],"6":[0,0],"7":[0,0]}}
,"C:\\Users\\angel\\school\\SignSpeak\\components\\ui\\capture-button.tsx": {"path":"C:\\Users\\angel\\school\\SignSpeak\\components\\ui\\capture-button.tsx","statementMap":{"0":{"start":{"line":15,"column":20},"end":{"line":15,"column":57}},"1":{"start":{"line":16,"column":20},"end":{"line":16,"column":57}},"2":{"start":{"line":18,"column":2},"end":{"line":38,"column":32}},"3":{"start":{"line":19,"column":4},"end":{"line":37,"column":5}},"4":{"start":{"line":21,"column":6},"end":{"line":34,"column":16}},"5":{"start":{"line":36,"column":6},"end":{"line":36,"column":28}},"6":{"start":{"line":40,"column":24},"end":{"line":45,"column":3}},"7":{"start":{"line":41,"column":4},"end":{"line":44,"column":15}},"8":{"start":{"line":47,"column":25},"end":{"line":54,"column":3}},"9":{"start":{"line":48,"column":4},"end":{"line":53,"column":15}},"10":{"start":{"line":56,"column":2},"end":{"line":84,"column":4}},"11":{"start":{"line":87,"column":15},"end":{"line":111,"column":2}}},"fnMap":{"0":{"name":"CaptureButton","decl":{"start":{"line":10,"column":24},"end":{"line":10,"column":37}},"loc":{"start":{"line":14,"column":23},"end":{"line":85,"column":1}},"line":14},"1":{"name":"(anonymous_1)","decl":{"start":{"line":18,"column":12},"end":{"line":18,"column":13}},"loc":{"start":{"line":18,"column":18},"end":{"line":38,"column":3}},"line":18},"2":{"name":"(anonymous_2)","decl":{"start":{"line":40,"column":24},"end":{"line":40,"column":25}},"loc":{"start":{"line":40,"column":30},"end":{"line":45,"column":3}},"line":40},"3":{"name":"(anonymous_3)","decl":{"start":{"line":47,"column":25},"end":{"line":47,"column":26}},"loc":{"start":{"line":47,"column":31},"end":{"line":54,"column":3}},"line":47}},"branchMap":{"0":{"loc":{"start":{"line":12,"column":2},"end":{"line":12,"column":22}},"type":"default-arg","locations":[{"start":{"line":12,"column":17},"end":{"line":12,"column":22}}],"line":12},"1":{"loc":{"start":{"line":13,"column":2},"end":{"line":13,"column":18}},"type":"default-arg","locations":[{"start":{"line":13,"column":13},"end":{"line":13,"column":18}}],"line":13},"2":{"loc":{"start":{"line":19,"column":4},"end":{"line":37,"column":5}},"type":"if","locations":[{"start":{"line":19,"column":4},"end":{"line":37,"column":5}},{"start":{"line":35,"column":11},"end":{"line":37,"column":5}}],"line":19},"3":{"loc":{"start":{"line":61,"column":16},"end":{"line":61,"column":40}},"type":"binary-expr","locations":[{"start":{"line":61,"column":16},"end":{"line":61,"column":24}},{"start":{"line":61,"column":28},"end":{"line":61,"column":40}}],"line":61},"4":{"loc":{"start":{"line":69,"column":21},"end":{"line":69,"column":39}},"type":"cond-expr","locations":[{"start":{"line":69,"column":32},"end":{"line":69,"column":35}},{"start":{"line":69,"column":38},"end":{"line":69,"column":39}}],"line":69},"5":{"loc":{"start":{"line":76,"column":12},"end":{"line":76,"column":51}},"type":"binary-expr","locations":[{"start":{"line":76,"column":12},"end":{"line":76,"column":24}},{"start":{"line":76,"column":28},"end":{"line":76,"column":51}}],"line":76}},"s":{"0":0,"1":0,"2":0,"3":0,"4":0,"5":0,"6":0,"7":0,"8":0,"9":0,"10":0,"11":0},"f":{"0":0,"1":0,"2":0,"3":0},"b":{"0":[0],"1":[0],"2":[0,0],"3":[0,0],"4":[0,0],"5":[0,0]}}
,"C:\\Users\\angel\\school\\SignSpeak\\components\\ui\\collapsible.tsx": {"path":"C:\\Users\\angel\\school\\SignSpeak\\components\\ui\\collapsible.tsx","statementMap":{"0":{"start":{"line":11,"column":30},"end":{"line":11,"column":45}},"1":{"start":{"line":12,"column":16},"end":{"line":12,"column":43}},"2":{"start":{"line":14,"column":2},"end":{"line":32,"column":4}},"3":{"start":{"line":18,"column":23},"end":{"line":18,"column":51}},"4":{"start":{"line":18,"column":44},"end":{"line":18,"column":50}},"5":{"start":{"line":35,"column":15},"end":{"line":45,"column":2}}},"fnMap":{"0":{"name":"Collapsible","decl":{"start":{"line":10,"column":16},"end":{"line":10,"column":27}},"loc":{"start":{"line":10,"column":88},"end":{"line":33,"column":1}},"line":10},"1":{"name":"(anonymous_1)","decl":{"start":{"line":18,"column":17},"end":{"line":18,"column":18}},"loc":{"start":{"line":18,"column":23},"end":{"line":18,"column":51}},"line":18},"2":{"name":"(anonymous_2)","decl":{"start":{"line":18,"column":33},"end":{"line":18,"column":34}},"loc":{"start":{"line":18,"column":44},"end":{"line":18,"column":50}},"line":18}},"branchMap":{"0":{"loc":{"start":{"line":12,"column":16},"end":{"line":12,"column":43}},"type":"binary-expr","locations":[{"start":{"line":12,"column":16},"end":{"line":12,"column":32}},{"start":{"line":12,"column":36},"end":{"line":12,"column":43}}],"line":12},"1":{"loc":{"start":{"line":24,"column":17},"end":{"line":24,"column":73}},"type":"cond-expr","locations":[{"start":{"line":24,"column":37},"end":{"line":24,"column":54}},{"start":{"line":24,"column":57},"end":{"line":24,"column":73}}],"line":24},"2":{"loc":{"start":{"line":25,"column":41},"end":{"line":25,"column":66}},"type":"cond-expr","locations":[{"start":{"line":25,"column":50},"end":{"line":25,"column":57}},{"start":{"line":25,"column":60},"end":{"line":25,"column":66}}],"line":25},"3":{"loc":{"start":{"line":30,"column":7},"end":{"line":30,"column":75}},"type":"binary-expr","locations":[{"start":{"line":30,"column":7},"end":{"line":30,"column":13}},{"start":{"line":30,"column":17},"end":{"line":30,"column":75}}],"line":30}},"s":{"0":0,"1":0,"2":0,"3":0,"4":0,"5":0},"f":{"0":0,"1":0,"2":0},"b":{"0":[0,0],"1":[0,0],"2":[0,0],"3":[0,0]}}
,"C:\\Users\\angel\\school\\SignSpeak\\components\\ui\\icon-symbol.ios.tsx": {"path":"C:\\Users\\angel\\school\\SignSpeak\\components\\ui\\icon-symbol.ios.tsx","statementMap":{"0":{"start":{"line":17,"column":2},"end":{"line":31,"column":4}}},"fnMap":{"0":{"name":"IconSymbol","decl":{"start":{"line":4,"column":16},"end":{"line":4,"column":26}},"loc":{"start":{"line":16,"column":3},"end":{"line":32,"column":1}},"line":16}},"branchMap":{"0":{"loc":{"start":{"line":6,"column":2},"end":{"line":6,"column":11}},"type":"default-arg","locations":[{"start":{"line":6,"column":9},"end":{"line":6,"column":11}}],"line":6},"1":{"loc":{"start":{"line":9,"column":2},"end":{"line":9,"column":20}},"type":"default-arg","locations":[{"start":{"line":9,"column":11},"end":{"line":9,"column":20}}],"line":9}},"s":{"0":0},"f":{"0":0},"b":{"0":[0],"1":[0]}}
,"C:\\Users\\angel\\school\\SignSpeak\\components\\ui\\icon-symbol.tsx": {"path":"C:\\Users\\angel\\school\\SignSpeak\\components\\ui\\icon-symbol.tsx","statementMap":{"0":{"start":{"line":16,"column":16},"end":{"line":21,"column":16}},"1":{"start":{"line":40,"column":2},"end":{"line":40,"column":88}}},"fnMap":{"0":{"name":"IconSymbol","decl":{"start":{"line":28,"column":16},"end":{"line":28,"column":26}},"loc":{"start":{"line":39,"column":3},"end":{"line":41,"column":1}},"line":39}},"branchMap":{"0":{"loc":{"start":{"line":30,"column":2},"end":{"line":30,"column":11}},"type":"default-arg","locations":[{"start":{"line":30,"column":9},"end":{"line":30,"column":11}}],"line":30}},"s":{"0":0,"1":0},"f":{"0":0},"b":{"0":[0]}}
,"C:\\Users\\angel\\school\\SignSpeak\\constants\\theme.ts": {"path":"C:\\Users\\angel\\school\\SignSpeak\\constants\\theme.ts","statementMap":{"0":{"start":{"line":8,"column":23},"end":{"line":8,"column":32}},"1":{"start":{"line":9,"column":22},"end":{"line":9,"column":28}},"2":{"start":{"line":11,"column":22},"end":{"line":28,"column":1}},"3":{"start":{"line":30,"column":21},"end":{"line":53,"column":2}}},"fnMap":{},"branchMap":{},"s":{"0":0,"1":0,"2":0,"3":0},"f":{},"b":{}}
,"C:\\Users\\angel\\school\\SignSpeak\\hooks\\use-color-scheme.ts": {"path":"C:\\Users\\angel\\school\\SignSpeak\\hooks\\use-color-scheme.ts","statementMap":{},"fnMap":{},"branchMap":{},"s":{},"f":{},"b":{}}
,"C:\\Users\\angel\\school\\SignSpeak\\hooks\\use-color-scheme.web.ts": {"path":"C:\\Users\\angel\\school\\SignSpeak\\hooks\\use-color-scheme.web.ts","statementMap":{"0":{"start":{"line":8,"column":40},"end":{"line":8,"column":55}},"1":{"start":{"line":10,"column":2},"end":{"line":12,"column":9}},"2":{"start":{"line":11,"column":4},"end":{"line":11,"column":25}},"3":{"start":{"line":14,"column":22},"end":{"line":14,"column":40}},"4":{"start":{"line":16,"column":2},"end":{"line":18,"column":3}},"5":{"start":{"line":17,"column":4},"end":{"line":17,"column":23}},"6":{"start":{"line":20,"column":2},"end":{"line":20,"column":17}}},"fnMap":{"0":{"name":"useColorScheme","decl":{"start":{"line":7,"column":16},"end":{"line":7,"column":30}},"loc":{"start":{"line":7,"column":33},"end":{"line":21,"column":1}},"line":7},"1":{"name":"(anonymous_1)","decl":{"start":{"line":10,"column":12},"end":{"line":10,"column":13}},"loc":{"start":{"line":10,"column":18},"end":{"line":12,"column":3}},"line":10}},"branchMap":{"0":{"loc":{"start":{"line":16,"column":2},"end":{"line":18,"column":3}},"type":"if","locations":[{"start":{"line":16,"column":2},"end":{"line":18,"column":3}},{"start":{},"end":{}}],"line":16}},"s":{"0":0,"1":0,"2":0,"3":0,"4":0,"5":0,"6":0},"f":{"0":0,"1":0},"b":{"0":[0,0]}}
,"C:\\Users\\angel\\school\\SignSpeak\\hooks\\use-theme-color.ts": {"path":"C:\\Users\\angel\\school\\SignSpeak\\hooks\\use-theme-color.ts","statementMap":{"0":{"start":{"line":13,"column":16},"end":{"line":13,"column":43}},"1":{"start":{"line":14,"column":25},"end":{"line":14,"column":37}},"2":{"start":{"line":16,"column":2},"end":{"line":20,"column":3}},"3":{"start":{"line":17,"column":4},"end":{"line":17,"column":26}},"4":{"start":{"line":19,"column":4},"end":{"line":19,"column":36}}},"fnMap":{"0":{"name":"useThemeColor","decl":{"start":{"line":9,"column":16},"end":{"line":9,"column":29}},"loc":{"start":{"line":12,"column":2},"end":{"line":21,"column":1}},"line":12}},"branchMap":{"0":{"loc":{"start":{"line":13,"column":16},"end":{"line":13,"column":43}},"type":"binary-expr","locations":[{"start":{"line":13,"column":16},"end":{"line":13,"column":32}},{"start":{"line":13,"column":36},"end":{"line":13,"column":43}}],"line":13},"1":{"loc":{"start":{"line":16,"column":2},"end":{"line":20,"column":3}},"type":"if","locations":[{"start":{"line":16,"column":2},"end":{"line":20,"column":3}},{"start":{"line":18,"column":9},"end":{"line":20,"column":3}}],"line":16}},"s":{"0":0,"1":0,"2":0,"3":0,"4":0},"f":{"0":0},"b":{"0":[0,0],"1":[0,0]}}
,"C:\\Users\\angel\\school\\SignSpeak\\services\\api-config.ts": {"path":"C:\\Users\\angel\\school\\SignSpeak\\services\\api-config.ts","statementMap":{"0":{"start":{"line":4,"column":28},"end":{"line":4,"column":78}},"1":{"start":{"line":6,"column":29},"end":{"line":19,"column":1}},"2":{"start":{"line":21,"column":26},"end":{"line":27,"column":1}},"3":{"start":{"line":29,"column":25},"end":{"line":31,"column":1}},"4":{"start":{"line":30,"column":2},"end":{"line":30,"column":38}}},"fnMap":{"0":{"name":"(anonymous_0)","decl":{"start":{"line":29,"column":25},"end":{"line":29,"column":26}},"loc":{"start":{"line":29,"column":55},"end":{"line":31,"column":1}},"line":29}},"branchMap":{},"s":{"0":3,"1":3,"2":3,"3":3,"4":25},"f":{"0":25},"b":{},"_coverageSchema":"1a1c01bbd47fc00a2c39e90264f33305004495a9","hash":"bc9a08a02725e328790ce606cdb7df79b4fcec78"}
,"C:\\Users\\angel\\school\\SignSpeak\\services\\landmark-service.ts": {"path":"C:\\Users\\angel\\school\\SignSpeak\\services\\landmark-service.ts","statementMap":{"0":{"start":{"line":8,"column":31},"end":{"line":183,"column":1}},"1":{"start":{"line":17,"column":4},"end":{"line":20,"column":5}},"2":{"start":{"line":18,"column":6},"end":{"line":18,"column":58}},"3":{"start":{"line":19,"column":6},"end":{"line":19,"column":13}},"4":{"start":{"line":22,"column":4},"end":{"line":49,"column":5}},"5":{"start":{"line":23,"column":6},"end":{"line":23,"column":65}},"6":{"start":{"line":26,"column":21},"end":{"line":28,"column":7}},"7":{"start":{"line":31,"column":6},"end":{"line":42,"column":9}},"8":{"start":{"line":44,"column":6},"end":{"line":44,"column":32}},"9":{"start":{"line":45,"column":6},"end":{"line":45,"column":63}},"10":{"start":{"line":47,"column":6},"end":{"line":47,"column":69}},"11":{"start":{"line":48,"column":6},"end":{"line":48,"column":80}},"12":{"start":{"line":58,"column":4},"end":{"line":102,"column":5}},"13":{"start":{"line":59,"column":6},"end":{"line":59,"column":67}},"14":{"start":{"line":62,"column":6},"end":{"line":64,"column":7}},"15":{"start":{"line":63,"column":8},"end":{"line":63,"column":32}},"16":{"start":{"line":66,"column":6},"end":{"line":68,"column":7}},"17":{"start":{"line":67,"column":8},"end":{"line":67,"column":58}},"18":{"start":{"line":73,"column":20},"end":{"line":73,"column":50}},"19":{"start":{"line":76,"column":6},"end":{"line":76,"column":51}},"20":{"start":{"line":77,"column":21},"end":{"line":77,"column":54}},"21":{"start":{"line":80,"column":6},"end":{"line":83,"column":7}},"22":{"start":{"line":81,"column":8},"end":{"line":81,"column":53}},"23":{"start":{"line":82,"column":8},"end":{"line":82,"column":20}},"24":{"start":{"line":86,"column":28},"end":{"line":86,"column":47}},"25":{"start":{"line":89,"column":39},"end":{"line":93,"column":8}},"26":{"start":{"line":89,"column":71},"end":{"line":93,"column":7}},"27":{"start":{"line":95,"column":6},"end":{"line":95,"column":64}},"28":{"start":{"line":96,"column":6},"end":{"line":96,"column":62}},"29":{"start":{"line":98,"column":6},"end":{"line":98,"column":23}},"30":{"start":{"line":100,"column":6},"end":{"line":100,"column":60}},"31":{"start":{"line":101,"column":6},"end":{"line":101,"column":69}},"32":{"start":{"line":111,"column":4},"end":{"line":142,"column":7}},"33":{"start":{"line":112,"column":20},"end":{"line":112,"column":31}},"34":{"start":{"line":113,"column":6},"end":{"line":113,"column":38}},"35":{"start":{"line":115,"column":6},"end":{"line":118,"column":8}},"36":{"start":{"line":116,"column":8},"end":{"line":116,"column":71}},"37":{"start":{"line":117,"column":8},"end":{"line":117,"column":23}},"38":{"start":{"line":120,"column":6},"end":{"line":123,"column":8}},"39":{"start":{"line":121,"column":8},"end":{"line":121,"column":56}},"40":{"start":{"line":122,"column":8},"end":{"line":122,"column":50}},"41":{"start":{"line":126,"column":6},"end":{"line":141,"column":7}},"42":{"start":{"line":128,"column":8},"end":{"line":138,"column":25}},"43":{"start":{"line":129,"column":30},"end":{"line":129,"column":45}},"44":{"start":{"line":131,"column":27},"end":{"line":131,"column":43}},"45":{"start":{"line":132,"column":12},"end":{"line":134,"column":14}},"46":{"start":{"line":133,"column":14},"end":{"line":133,"column":50}},"47":{"start":{"line":135,"column":12},"end":{"line":135,"column":36}},"48":{"start":{"line":136,"column":12},"end":{"line":136,"column":39}},"49":{"start":{"line":140,"column":8},"end":{"line":140,"column":29}},"50":{"start":{"line":151,"column":4},"end":{"line":151,"column":48}},"51":{"start":{"line":151,"column":35},"end":{"line":151,"column":48}},"52":{"start":{"line":152,"column":4},"end":{"line":155,"column":5}},"53":{"start":{"line":153,"column":6},"end":{"line":153,"column":72}},"54":{"start":{"line":154,"column":6},"end":{"line":154,"column":19}},"55":{"start":{"line":158,"column":20},"end":{"line":163,"column":5}},"56":{"start":{"line":160,"column":8},"end":{"line":162,"column":60}},"57":{"start":{"line":162,"column":34},"end":{"line":162,"column":59}},"58":{"start":{"line":165,"column":4},"end":{"line":167,"column":5}},"59":{"start":{"line":166,"column":6},"end":{"line":166,"column":55}},"60":{"start":{"line":169,"column":4},"end":{"line":169,"column":19}},"61":{"start":{"line":176,"column":4},"end":{"line":181,"column":5}},"62":{"start":{"line":177,"column":6},"end":{"line":177,"column":34}},"63":{"start":{"line":178,"column":6},"end":{"line":178,"column":33}},"64":{"start":{"line":179,"column":6},"end":{"line":179,"column":33}},"65":{"start":{"line":180,"column":6},"end":{"line":180,"column":48}}},"fnMap":{"0":{"name":"(anonymous_0)","decl":{"start":{"line":16,"column":2},"end":{"line":16,"column":3}},"loc":{"start":{"line":16,"column":36},"end":{"line":50,"column":3}},"line":16},"1":{"name":"(anonymous_1)","decl":{"start":{"line":57,"column":2},"end":{"line":57,"column":3}},"loc":{"start":{"line":57,"column":74},"end":{"line":103,"column":3}},"line":57},"2":{"name":"(anonymous_2)","decl":{"start":{"line":89,"column":57},"end":{"line":89,"column":58}},"loc":{"start":{"line":89,"column":71},"end":{"line":93,"column":7}},"line":89},"3":{"name":"(anonymous_3)","decl":{"start":{"line":110,"column":2},"end":{"line":110,"column":3}},"loc":{"start":{"line":110,"column":63},"end":{"line":143,"column":3}},"line":110},"4":{"name":"(anonymous_4)","decl":{"start":{"line":111,"column":23},"end":{"line":111,"column":24}},"loc":{"start":{"line":111,"column":44},"end":{"line":142,"column":5}},"line":111},"5":{"name":"(anonymous_5)","decl":{"start":{"line":115,"column":21},"end":{"line":115,"column":22}},"loc":{"start":{"line":115,"column":27},"end":{"line":118,"column":7}},"line":115},"6":{"name":"(anonymous_6)","decl":{"start":{"line":120,"column":22},"end":{"line":120,"column":23}},"loc":{"start":{"line":120,"column":33},"end":{"line":123,"column":7}},"line":120},"7":{"name":"(anonymous_7)","decl":{"start":{"line":129,"column":16},"end":{"line":129,"column":17}},"loc":{"start":{"line":129,"column":30},"end":{"line":129,"column":45}},"line":129},"8":{"name":"(anonymous_8)","decl":{"start":{"line":130,"column":16},"end":{"line":130,"column":17}},"loc":{"start":{"line":130,"column":26},"end":{"line":137,"column":11}},"line":130},"9":{"name":"(anonymous_9)","decl":{"start":{"line":132,"column":31},"end":{"line":132,"column":32}},"loc":{"start":{"line":132,"column":37},"end":{"line":134,"column":13}},"line":132},"10":{"name":"(anonymous_10)","decl":{"start":{"line":150,"column":2},"end":{"line":150,"column":3}},"loc":{"start":{"line":150,"column":55},"end":{"line":170,"column":3}},"line":150},"11":{"name":"(anonymous_11)","decl":{"start":{"line":159,"column":6},"end":{"line":159,"column":7}},"loc":{"start":{"line":160,"column":8},"end":{"line":162,"column":60}},"line":160},"12":{"name":"(anonymous_12)","decl":{"start":{"line":162,"column":23},"end":{"line":162,"column":24}},"loc":{"start":{"line":162,"column":34},"end":{"line":162,"column":59}},"line":162},"13":{"name":"(anonymous_13)","decl":{"start":{"line":175,"column":2},"end":{"line":175,"column":3}},"loc":{"start":{"line":175,"column":18},"end":{"line":182,"column":3}},"line":175}},"branchMap":{"0":{"loc":{"start":{"line":17,"column":4},"end":{"line":20,"column":5}},"type":"if","locations":[{"start":{"line":17,"column":4},"end":{"line":20,"column":5}},{"start":{},"end":{}}],"line":17},"1":{"loc":{"start":{"line":17,"column":8},"end":{"line":17,"column":49}},"type":"binary-expr","locations":[{"start":{"line":17,"column":8},"end":{"line":17,"column":26}},{"start":{"line":17,"column":30},"end":{"line":17,"column":49}}],"line":17},"2":{"loc":{"start":{"line":62,"column":6},"end":{"line":64,"column":7}},"type":"if","locations":[{"start":{"line":62,"column":6},"end":{"line":64,"column":7}},{"start":{},"end":{}}],"line":62},"3":{"loc":{"start":{"line":66,"column":6},"end":{"line":68,"column":7}},"type":"if","locations":[{"start":{"line":66,"column":6},"end":{"line":68,"column":7}},{"start":{},"end":{}}],"line":66},"4":{"loc":{"start":{"line":80,"column":6},"end":{"line":83,"column":7}},"type":"if","locations":[{"start":{"line":80,"column":6},"end":{"line":83,"column":7}},{"start":{},"end":{}}],"line":80},"5":{"loc":{"start":{"line":80,"column":10},"end":{"line":80,"column":60}},"type":"binary-expr","locations":[{"start":{"line":80,"column":10},"end":{"line":80,"column":27}},{"start":{"line":80,"column":31},"end":{"line":80,"column":60}}],"line":80},"6":{"loc":{"start":{"line":92,"column":8},"end":{"line":92,"column":23}},"type":"binary-expr","locations":[{"start":{"line":92,"column":8},"end":{"line":92,"column":18}},{"start":{"line":92,"column":22},"end":{"line":92,"column":23}}],"line":92},"7":{"loc":{"start":{"line":126,"column":6},"end":{"line":141,"column":7}},"type":"if","locations":[{"start":{"line":126,"column":6},"end":{"line":141,"column":7}},{"start":{"line":139,"column":13},"end":{"line":141,"column":7}}],"line":126},"8":{"loc":{"start":{"line":151,"column":4},"end":{"line":151,"column":48}},"type":"if","locations":[{"start":{"line":151,"column":4},"end":{"line":151,"column":48}},{"start":{},"end":{}}],"line":151},"9":{"loc":{"start":{"line":152,"column":4},"end":{"line":155,"column":5}},"type":"if","locations":[{"start":{"line":152,"column":4},"end":{"line":155,"column":5}},{"start":{},"end":{}}],"line":152},"10":{"loc":{"start":{"line":160,"column":8},"end":{"line":162,"column":60}},"type":"binary-expr","locations":[{"start":{"line":160,"column":8},"end":{"line":160,"column":31}},{"start":{"line":161,"column":8},"end":{"line":161,"column":29}},{"start":{"line":162,"column":8},"end":{"line":162,"column":60}}],"line":160},"11":{"loc":{"start":{"line":165,"column":4},"end":{"line":167,"column":5}},"type":"if","locations":[{"start":{"line":165,"column":4},"end":{"line":167,"column":5}},{"start":{},"end":{}}],"line":165},"12":{"loc":{"start":{"line":176,"column":4},"end":{"line":181,"column":5}},"type":"if","locations":[{"start":{"line":176,"column":4},"end":{"line":181,"column":5}},{"start":{},"end":{}}],"line":176}},"s":{"0":3,"1":0,"2":0,"3":0,"4":0,"5":0,"6":0,"7":0,"8":0,"9":0,"10":0,"11":0,"12":0,"13":0,"14":0,"15":0,"16":0,"17":0,"18":0,"19":0,"20":0,"21":0,"22":0,"23":0,"24":0,"25":0,"26":0,"27":0,"28":0,"29":0,"30":0,"31":0,"32":0,"33":0,"34":0,"35":0,"36":0,"37":0,"38":0,"39":0,"40":0,"41":0,"42":0,"43":0,"44":0,"45":0,"46":0,"47":0,"48":0,"49":0,"50":12,"51":2,"52":10,"53":2,"54":2,"55":8,"56":133,"57":395,"58":8,"59":2,"60":8,"61":0,"62":0,"63":0,"64":0,"65":0},"f":{"0":0,"1":0,"2":0,"3":0,"4":0,"5":0,"6":0,"7":0,"8":0,"9":0,"10":12,"11":133,"12":395,"13":0},"b":{"0":[0,0],"1":[0,0],"2":[0,0],"3":[0,0],"4":[0,0],"5":[0,0],"6":[0,0],"7":[0,0],"8":[2,10],"9":[2,8],"10":[133,133,132],"11":[2,6],"12":[0,0]},"_coverageSchema":"1a1c01bbd47fc00a2c39e90264f33305004495a9","hash":"cb6a9ad843d06b31fc0504c7c1a1e74a0eb4ef1f"}
,"C:\\Users\\angel\\school\\SignSpeak\\services\\storage-service.ts": {"path":"C:\\Users\\angel\\school\\SignSpeak\\services\\storage-service.ts","statementMap":{"0":{"start":{"line":5,"column":20},"end":{"line":5,"column":40}},"1":{"start":{"line":6,"column":21},"end":{"line":6,"column":42}},"2":{"start":{"line":8,"column":30},"end":{"line":70,"column":1}},"3":{"start":{"line":11,"column":4},"end":{"line":18,"column":5}},"4":{"start":{"line":12,"column":22},"end":{"line":12,"column":45}},"5":{"start":{"line":13,"column":29},"end":{"line":13,"column":54}},"6":{"start":{"line":14,"column":6},"end":{"line":14,"column":78}},"7":{"start":{"line":16,"column":6},"end":{"line":16,"column":56}},"8":{"start":{"line":17,"column":6},"end":{"line":17,"column":18}},"9":{"start":{"line":22,"column":4},"end":{"line":28,"column":5}},"10":{"start":{"line":23,"column":26},"end":{"line":23,"column":65}},"11":{"start":{"line":24,"column":6},"end":{"line":24,"column":56}},"12":{"start":{"line":26,"column":6},"end":{"line":26,"column":53}},"13":{"start":{"line":27,"column":6},"end":{"line":27,"column":16}},"14":{"start":{"line":32,"column":4},"end":{"line":39,"column":5}},"15":{"start":{"line":33,"column":22},"end":{"line":33,"column":45}},"16":{"start":{"line":34,"column":30},"end":{"line":34,"column":70}},"17":{"start":{"line":34,"column":55},"end":{"line":34,"column":69}},"18":{"start":{"line":35,"column":6},"end":{"line":35,"column":79}},"19":{"start":{"line":37,"column":6},"end":{"line":37,"column":58}},"20":{"start":{"line":38,"column":6},"end":{"line":38,"column":18}},"21":{"start":{"line":43,"column":4},"end":{"line":48,"column":5}},"22":{"start":{"line":44,"column":6},"end":{"line":44,"column":49}},"23":{"start":{"line":46,"column":6},"end":{"line":46,"column":54}},"24":{"start":{"line":47,"column":6},"end":{"line":47,"column":18}},"25":{"start":{"line":53,"column":4},"end":{"line":58,"column":5}},"26":{"start":{"line":54,"column":6},"end":{"line":54,"column":73}},"27":{"start":{"line":56,"column":6},"end":{"line":56,"column":53}},"28":{"start":{"line":57,"column":6},"end":{"line":57,"column":18}},"29":{"start":{"line":62,"column":4},"end":{"line":68,"column":5}},"30":{"start":{"line":63,"column":27},"end":{"line":63,"column":67}},"31":{"start":{"line":64,"column":6},"end":{"line":64,"column":60}},"32":{"start":{"line":66,"column":6},"end":{"line":66,"column":54}},"33":{"start":{"line":67,"column":6},"end":{"line":67,"column":18}}},"fnMap":{"0":{"name":"(anonymous_0)","decl":{"start":{"line":10,"column":2},"end":{"line":10,"column":3}},"loc":{"start":{"line":10,"column":65},"end":{"line":19,"column":3}},"line":10},"1":{"name":"(anonymous_1)","decl":{"start":{"line":21,"column":2},"end":{"line":21,"column":3}},"loc":{"start":{"line":21,"column":45},"end":{"line":29,"column":3}},"line":21},"2":{"name":"(anonymous_2)","decl":{"start":{"line":31,"column":2},"end":{"line":31,"column":3}},"loc":{"start":{"line":31,"column":53},"end":{"line":40,"column":3}},"line":31},"3":{"name":"(anonymous_3)","decl":{"start":{"line":34,"column":45},"end":{"line":34,"column":46}},"loc":{"start":{"line":34,"column":55},"end":{"line":34,"column":69}},"line":34},"4":{"name":"(anonymous_4)","decl":{"start":{"line":42,"column":2},"end":{"line":42,"column":3}},"loc":{"start":{"line":42,"column":38},"end":{"line":49,"column":3}},"line":42},"5":{"name":"(anonymous_5)","decl":{"start":{"line":52,"column":2},"end":{"line":52,"column":3}},"loc":{"start":{"line":52,"column":59},"end":{"line":59,"column":3}},"line":52},"6":{"name":"(anonymous_6)","decl":{"start":{"line":61,"column":2},"end":{"line":61,"column":3}},"loc":{"start":{"line":61,"column":51},"end":{"line":69,"column":3}},"line":61}},"branchMap":{"0":{"loc":{"start":{"line":24,"column":13},"end":{"line":24,"column":55}},"type":"cond-expr","locations":[{"start":{"line":24,"column":27},"end":{"line":24,"column":50}},{"start":{"line":24,"column":53},"end":{"line":24,"column":55}}],"line":24},"1":{"loc":{"start":{"line":64,"column":13},"end":{"line":64,"column":59}},"type":"cond-expr","locations":[{"start":{"line":64,"column":28},"end":{"line":64,"column":52}},{"start":{"line":64,"column":55},"end":{"line":64,"column":59}}],"line":64}},"s":{"0":1,"1":1,"2":1,"3":7,"4":7,"5":7,"6":7,"7":0,"8":0,"9":13,"10":13,"11":13,"12":0,"13":0,"14":1,"15":1,"16":1,"17":2,"18":1,"19":0,"20":0,"21":8,"22":8,"23":0,"24":0,"25":1,"26":1,"27":0,"28":0,"29":2,"30":2,"31":2,"32":0,"33":0},"f":{"0":7,"1":13,"2":1,"3":2,"4":8,"5":1,"6":2},"b":{"0":[7,6],"1":[1,1]},"_coverageSchema":"1a1c01bbd47fc00a2c39e90264f33305004495a9","hash":"c0914958157837f4318714bcac56f72d94888dcc"}
,"C:\\Users\\angel\\school\\SignSpeak\\services\\translation-service.ts": {"path":"C:\\Users\\angel\\school\\SignSpeak\\services\\translation-service.ts","statementMap":{"0":{"start":{"line":12,"column":34},"end":{"line":185,"column":1}},"1":{"start":{"line":19,"column":4},"end":{"line":103,"column":5}},"2":{"start":{"line":20,"column":6},"end":{"line":20,"column":68}},"3":{"start":{"line":23,"column":6},"end":{"line":23,"column":61}},"4":{"start":{"line":24,"column":24},"end":{"line":24,"column":72}},"5":{"start":{"line":26,"column":6},"end":{"line":32,"column":7}},"6":{"start":{"line":27,"column":8},"end":{"line":31,"column":10}},"7":{"start":{"line":35,"column":6},"end":{"line":40,"column":7}},"8":{"start":{"line":36,"column":8},"end":{"line":39,"column":10}},"9":{"start":{"line":42,"column":6},"end":{"line":42,"column":56}},"10":{"start":{"line":45,"column":6},"end":{"line":45,"column":55}},"11":{"start":{"line":46,"column":25},"end":{"line":46,"column":60}},"12":{"start":{"line":48,"column":6},"end":{"line":53,"column":7}},"13":{"start":{"line":49,"column":8},"end":{"line":52,"column":10}},"14":{"start":{"line":55,"column":6},"end":{"line":55,"column":56}},"15":{"start":{"line":58,"column":25},"end":{"line":58,"column":52}},"16":{"start":{"line":60,"column":6},"end":{"line":67,"column":8}},"17":{"start":{"line":69,"column":6},"end":{"line":69,"column":49}},"18":{"start":{"line":72,"column":6},"end":{"line":97,"column":7}},"19":{"start":{"line":74,"column":8},"end":{"line":80,"column":9}},"20":{"start":{"line":75,"column":10},"end":{"line":79,"column":12}},"21":{"start":{"line":81,"column":8},"end":{"line":87,"column":9}},"22":{"start":{"line":82,"column":10},"end":{"line":86,"column":12}},"23":{"start":{"line":88,"column":8},"end":{"line":96,"column":9}},"24":{"start":{"line":92,"column":10},"end":{"line":95,"column":12}},"25":{"start":{"line":98,"column":6},"end":{"line":102,"column":8}},"26":{"start":{"line":114,"column":4},"end":{"line":152,"column":5}},"27":{"start":{"line":115,"column":18},"end":{"line":115,"column":57}},"28":{"start":{"line":116,"column":6},"end":{"line":116,"column":34}},"29":{"start":{"line":118,"column":51},"end":{"line":120,"column":7}},"30":{"start":{"line":122,"column":23},"end":{"line":126,"column":8}},"31":{"start":{"line":128,"column":6},"end":{"line":143,"column":7}},"32":{"start":{"line":129,"column":26},"end":{"line":129,"column":47}},"33":{"start":{"line":130,"column":8},"end":{"line":130,"column":76}},"34":{"start":{"line":131,"column":8},"end":{"line":131,"column":53}},"35":{"start":{"line":134,"column":27},"end":{"line":134,"column":36}},"36":{"start":{"line":135,"column":8},"end":{"line":140,"column":9}},"37":{"start":{"line":136,"column":28},"end":{"line":136,"column":49}},"38":{"start":{"line":137,"column":10},"end":{"line":137,"column":76}},"39":{"start":{"line":142,"column":8},"end":{"line":142,"column":76}},"40":{"start":{"line":145,"column":45},"end":{"line":145,"column":66}},"41":{"start":{"line":146,"column":6},"end":{"line":146,"column":44}},"42":{"start":{"line":148,"column":6},"end":{"line":148,"column":18}},"43":{"start":{"line":150,"column":6},"end":{"line":150,"column":60}},"44":{"start":{"line":151,"column":6},"end":{"line":151,"column":18}},"45":{"start":{"line":160,"column":4},"end":{"line":175,"column":5}},"46":{"start":{"line":161,"column":18},"end":{"line":161,"column":49}},"47":{"start":{"line":162,"column":6},"end":{"line":162,"column":50}},"48":{"start":{"line":164,"column":23},"end":{"line":166,"column":8}},"49":{"start":{"line":168,"column":24},"end":{"line":168,"column":35}},"50":{"start":{"line":169,"column":6},"end":{"line":169,"column":68}},"51":{"start":{"line":171,"column":6},"end":{"line":171,"column":23}},"52":{"start":{"line":173,"column":6},"end":{"line":173,"column":51}},"53":{"start":{"line":174,"column":6},"end":{"line":174,"column":19}},"54":{"start":{"line":183,"column":4},"end":{"line":183,"column":40}}},"fnMap":{"0":{"name":"(anonymous_0)","decl":{"start":{"line":18,"column":2},"end":{"line":18,"column":3}},"loc":{"start":{"line":18,"column":62},"end":{"line":104,"column":3}},"line":18},"1":{"name":"(anonymous_1)","decl":{"start":{"line":111,"column":2},"end":{"line":111,"column":3}},"loc":{"start":{"line":113,"column":46},"end":{"line":153,"column":3}},"line":113},"2":{"name":"(anonymous_2)","decl":{"start":{"line":159,"column":2},"end":{"line":159,"column":3}},"loc":{"start":{"line":159,"column":40},"end":{"line":176,"column":3}},"line":159},"3":{"name":"(anonymous_3)","decl":{"start":{"line":182,"column":2},"end":{"line":182,"column":3}},"loc":{"start":{"line":182,"column":65},"end":{"line":184,"column":3}},"line":182}},"branchMap":{"0":{"loc":{"start":{"line":26,"column":6},"end":{"line":32,"column":7}},"type":"if","locations":[{"start":{"line":26,"column":6},"end":{"line":32,"column":7}},{"start":{},"end":{}}],"line":26},"1":{"loc":{"start":{"line":35,"column":6},"end":{"line":40,"column":7}},"type":"if","locations":[{"start":{"line":35,"column":6},"end":{"line":40,"column":7}},{"start":{},"end":{}}],"line":35},"2":{"loc":{"start":{"line":48,"column":6},"end":{"line":53,"column":7}},"type":"if","locations":[{"start":{"line":48,"column":6},"end":{"line":53,"column":7}},{"start":{},"end":{}}],"line":48},"3":{"loc":{"start":{"line":72,"column":6},"end":{"line":97,"column":7}},"type":"if","locations":[{"start":{"line":72,"column":6},"end":{"line":97,"column":7}},{"start":{},"end":{}}],"line":72},"4":{"loc":{"start":{"line":74,"column":8},"end":{"line":80,"column":9}},"type":"if","locations":[{"start":{"line":74,"column":8},"end":{"line":80,"column":9}},{"start":{},"end":{}}],"line":74},"5":{"loc":{"start":{"line":81,"column":8},"end":{"line":87,"column":9}},"type":"if","locations":[{"start":{"line":81,"column":8},"end":{"line":87,"column":9}},{"start":{},"end":{}}],"line":81},"6":{"loc":{"start":{"line":88,"column":8},"end":{"line":96,"column":9}},"type":"if","locations":[{"start":{"line":88,"column":8},"end":{"line":96,"column":9}},{"start":{},"end":{}}],"line":88},"7":{"loc":{"start":{"line":89,"column":10},"end":{"line":90,"column":43}},"type":"binary-expr","locations":[{"start":{"line":89,"column":10},"end":{"line":89,"column":43}},{"start":{"line":90,"column":10},"end":{"line":90,"column":43}}],"line":89},"8":{"loc":{"start":{"line":101,"column":10},"end":{"line":101,"column":75}},"type":"cond-expr","locations":[{"start":{"line":101,"column":35},"end":{"line":101,"column":48}},{"start":{"line":101,"column":51},"end":{"line":101,"column":75}}],"line":101},"9":{"loc":{"start":{"line":128,"column":6},"end":{"line":143,"column":7}},"type":"if","locations":[{"start":{"line":128,"column":6},"end":{"line":143,"column":7}},{"start":{},"end":{}}],"line":128},"10":{"loc":{"start":{"line":137,"column":25},"end":{"line":137,"column":75}},"type":"binary-expr","locations":[{"start":{"line":137,"column":25},"end":{"line":137,"column":41}},{"start":{"line":137,"column":45},"end":{"line":137,"column":62}},{"start":{"line":137,"column":66},"end":{"line":137,"column":75}}],"line":137},"11":{"loc":{"start":{"line":169,"column":18},"end":{"line":169,"column":66}},"type":"cond-expr","locations":[{"start":{"line":169,"column":30},"end":{"line":169,"column":48}},{"start":{"line":169,"column":51},"end":{"line":169,"column":66}}],"line":169}},"s":{"0":2,"1":5,"2":5,"3":5,"4":5,"5":5,"6":1,"7":4,"8":0,"9":4,"10":4,"11":4,"12":1,"13":0,"14":1,"15":1,"16":1,"17":3,"18":3,"19":3,"20":1,"21":2,"22":1,"23":1,"24":1,"25":0,"26":14,"27":14,"28":14,"29":14,"30":14,"31":12,"32":4,"33":4,"34":4,"35":4,"36":4,"37":4,"38":4,"39":4,"40":8,"41":8,"42":8,"43":6,"44":6,"45":5,"46":5,"47":5,"48":5,"49":4,"50":4,"51":4,"52":1,"53":1,"54":0},"f":{"0":5,"1":14,"2":5,"3":0},"b":{"0":[1,4],"1":[0,4],"2":[0,1],"3":[3,0],"4":[1,2],"5":[1,1],"6":[1,0],"7":[1,1],"8":[0,0],"9":[4,8],"10":[4,4,4],"11":[2,2]},"_coverageSchema":"1a1c01bbd47fc00a2c39e90264f33305004495a9","hash":"70867ac049a856795cf8dc3dd6704321e75db401"}
}
