TN:
SF:app\modal.tsx
FN:7,ModalScreen
FNF:1
FNH:0
FNDA:0,ModalScreen
DA:8,0
DA:18,0
LF:2
LH:0
BRF:0
BRH:0
end_of_record
TN:
SF:app\translation-result.tsx
FN:10,TranslationResultScreen
FN:25,(anonymous_1)
FN:31,(anonymous_2)
FN:49,(anonymous_3)
FN:101,(anonymous_4)
FN:116,(anonymous_5)
FN:134,(anonymous_6)
FNF:7
FNH:0
FNDA:0,TranslationResultScreen
FNDA:0,(anonymous_1)
FNDA:0,(anonymous_2)
FNDA:0,(anonymous_3)
FNDA:0,(anonymous_4)
FNDA:0,(anonymous_5)
FNDA:0,(anonymous_6)
DA:11,0
DA:12,0
DA:13,0
DA:14,0
DA:16,0
DA:23,0
DA:25,0
DA:26,0
DA:27,0
DA:28,0
DA:31,0
DA:32,0
DA:34,0
DA:36,0
DA:38,0
DA:40,0
DA:44,0
DA:49,0
DA:101,0
DA:134,0
DA:172,0
LF:21
LH:0
BRDA:26,0,0,0
BRDA:26,0,1,0
BRDA:27,1,0,0
BRDA:27,1,1,0
BRDA:32,2,0,0
BRDA:32,2,1,0
BRDA:32,2,2,0
BRDA:32,2,3,0
BRDA:53,3,0,0
BRDA:53,3,1,0
BRDA:78,4,0,0
BRDA:78,4,1,0
BRDA:114,5,0,0
BRDA:114,5,1,0
BRDA:123,6,0,0
BRDA:123,6,1,0
BRDA:132,7,0,0
BRDA:132,7,1,0
BRDA:139,8,0,0
BRDA:139,8,1,0
BRDA:151,9,0,0
BRDA:151,9,1,0
BRF:22
BRH:0
end_of_record
TN:
SF:app\(tabs)\explore.tsx
FN:19,HistoryScreen
FN:27,(anonymous_1)
FN:31,(anonymous_2)
FN:36,(anonymous_3)
FN:43,(anonymous_4)
FN:55,(anonymous_5)
FN:64,(anonymous_6)
FN:77,(anonymous_7)
FN:86,(anonymous_8)
FN:144,(anonymous_9)
FN:170,(anonymous_10)
FN:175,(anonymous_11)
FN:181,(anonymous_12)
FNF:13
FNH:0
FNDA:0,HistoryScreen
FNDA:0,(anonymous_1)
FNDA:0,(anonymous_2)
FNDA:0,(anonymous_3)
FNDA:0,(anonymous_4)
FNDA:0,(anonymous_5)
FNDA:0,(anonymous_6)
FNDA:0,(anonymous_7)
FNDA:0,(anonymous_8)
FNDA:0,(anonymous_9)
FNDA:0,(anonymous_10)
FNDA:0,(anonymous_11)
FNDA:0,(anonymous_12)
DA:20,0
DA:21,0
DA:22,0
DA:23,0
DA:24,0
DA:25,0
DA:27,0
DA:28,0
DA:31,0
DA:33,0
DA:34,0
DA:36,0
DA:37,0
DA:39,0
DA:43,0
DA:44,0
DA:45,0
DA:46,0
DA:47,0
DA:49,0
DA:51,0
DA:55,0
DA:56,0
DA:65,0
DA:66,0
DA:67,0
DA:69,0
DA:77,0
DA:78,0
DA:87,0
DA:88,0
DA:89,0
DA:91,0
DA:99,0
DA:100,0
DA:107,0
DA:108,0
DA:117,0
DA:144,0
DA:171,0
DA:175,0
DA:181,0
DA:189,0
LF:43
LH:0
BRDA:33,0,0,0
BRDA:33,0,1,0
BRDA:99,1,0,0
BRDA:99,1,1,0
BRDA:107,2,0,0
BRDA:107,2,1,0
BRDA:128,3,0,0
BRDA:128,3,1,0
BRDA:134,4,0,0
BRDA:134,4,1,0
BRDA:137,5,0,0
BRDA:137,5,1,0
BRDA:139,6,0,0
BRDA:139,6,1,0
BRDA:143,7,0,0
BRDA:143,7,1,0
BRDA:148,8,0,0
BRDA:148,8,1,0
BRDA:154,9,0,0
BRDA:154,9,1,0
BRDA:163,10,0,0
BRDA:163,10,1,0
BRF:22
BRH:0
end_of_record
TN:
SF:app\(tabs)\index.tsx
FN:16,CameraScreen
FN:23,(anonymous_1)
FN:72,(anonymous_2)
FN:76,(anonymous_3)
FN:80,(anonymous_4)
FNF:5
FNH:0
FNDA:0,CameraScreen
FNDA:0,(anonymous_1)
FNDA:0,(anonymous_2)
FNDA:0,(anonymous_3)
FNDA:0,(anonymous_4)
DA:17,0
DA:18,0
DA:19,0
DA:20,0
DA:21,0
DA:23,0
DA:24,0
DA:26,0
DA:28,0
DA:30,0
DA:32,0
DA:42,0
DA:45,0
DA:56,0
DA:62,0
DA:63,0
DA:68,0
DA:72,0
DA:73,0
DA:76,0
DA:77,0
DA:80,0
DA:81,0
DA:82,0
DA:86,0
DA:132,0
LF:26
LH:0
BRDA:30,0,0,0
BRDA:30,0,1,0
BRDA:30,1,0,0
BRDA:30,1,1,0
BRDA:58,2,0,0
BRDA:58,2,1,0
BRDA:77,3,0,0
BRDA:77,3,1,0
BRDA:81,4,0,0
BRDA:81,4,1,0
BRDA:88,5,0,0
BRDA:88,5,1,0
BRDA:105,6,0,0
BRDA:105,6,1,0
BRF:14
BRH:0
end_of_record
TN:
SF:app\(tabs)\settings.tsx
FN:18,SettingsScreen
FN:32,(anonymous_1)
FN:36,(anonymous_2)
FN:47,(anonymous_3)
FN:66,(anonymous_4)
FN:75,(anonymous_5)
FN:148,(anonymous_6)
FN:161,(anonymous_7)
FN:175,(anonymous_8)
FNF:9
FNH:0
FNDA:0,SettingsScreen
FNDA:0,(anonymous_1)
FNDA:0,(anonymous_2)
FNDA:0,(anonymous_3)
FNDA:0,(anonymous_4)
FNDA:0,(anonymous_5)
FNDA:0,(anonymous_6)
FNDA:0,(anonymous_7)
FNDA:0,(anonymous_8)
DA:19,0
DA:20,0
DA:22,0
DA:25,0
DA:26,0
DA:27,0
DA:28,0
DA:32,0
DA:33,0
DA:36,0
DA:37,0
DA:38,0
DA:39,0
DA:40,0
DA:41,0
DA:42,0
DA:43,0
DA:47,0
DA:48,0
DA:58,0
DA:59,0
DA:60,0
DA:62,0
DA:66,0
DA:67,0
DA:76,0
DA:77,0
DA:78,0
DA:80,0
DA:88,0
DA:149,0
DA:162,0
DA:175,0
DA:256,0
LF:34
LH:0
BRDA:38,0,0,0
BRDA:38,0,1,0
BRDA:110,1,0,0
BRDA:110,1,1,0
BRDA:111,2,0,0
BRDA:111,2,1,0
BRDA:117,3,0,0
BRDA:117,3,1,0
BRDA:146,4,0,0
BRDA:146,4,1,0
BRDA:149,5,0,0
BRDA:149,5,1,0
BRDA:153,6,0,0
BRDA:153,6,1,0
BRDA:168,7,0,0
BRDA:168,7,1,0
BRDA:170,8,0,0
BRDA:170,8,1,0
BRDA:180,9,0,0
BRDA:180,9,1,0
BRDA:180,10,0,0
BRDA:180,10,1,0
BRDA:206,11,0,0
BRDA:206,11,1,0
BRDA:207,12,0,0
BRDA:207,12,1,0
BRDA:213,13,0,0
BRDA:213,13,1,0
BRF:28
BRH:0
end_of_record
TN:
SF:components\camera-view.tsx
FN:20,(anonymous_0)
FN:24,(anonymous_1)
FN:25,(anonymous_2)
FNF:3
FNH:0
FNDA:0,(anonymous_0)
FNDA:0,(anonymous_1)
FNDA:0,(anonymous_2)
DA:17,0
DA:21,0
DA:22,0
DA:24,0
DA:26,0
DA:27,0
DA:28,0
DA:32,0
DA:33,0
DA:36,0
DA:37,0
DA:43,0
DA:44,0
DA:51,0
DA:52,0
DA:73,0
DA:95,0
DA:99,0
LF:18
LH:0
BRDA:20,0,0,0
BRDA:20,1,0,0
BRDA:26,2,0,0
BRDA:26,2,1,0
BRDA:32,3,0,0
BRDA:32,3,1,0
BRDA:43,4,0,0
BRDA:43,4,1,0
BRDA:51,5,0,0
BRDA:51,5,1,0
BRDA:79,6,0,0
BRDA:79,6,1,0
BRF:12
BRH:0
end_of_record
TN:
SF:components\error-message.tsx
FN:13,ErrorMessage
FN:19,(anonymous_1)
FNF:2
FNH:0
FNDA:0,ErrorMessage
FNDA:0,(anonymous_1)
DA:19,0
DA:20,0
DA:22,0
DA:24,0
DA:26,0
DA:28,0
DA:32,0
DA:55,0
LF:8
LH:0
BRDA:17,0,0,0
BRDA:20,1,0,0
BRDA:20,1,1,0
BRDA:20,1,2,0
BRDA:20,1,3,0
BRDA:41,2,0,0
BRDA:41,2,1,0
BRF:7
BRH:0
end_of_record
TN:
SF:components\external-link.tsx
FN:7,ExternalLink
FN:13,(anonymous_1)
FNF:2
FNH:0
FNDA:0,ExternalLink
FNDA:0,(anonymous_1)
DA:8,0
DA:14,0
DA:16,0
DA:18,0
LF:4
LH:0
BRDA:14,0,0,0
BRDA:14,0,1,0
BRF:2
BRH:0
end_of_record
TN:
SF:components\haptic-tab.tsx
FN:5,HapticTab
FN:9,(anonymous_1)
FNF:2
FNH:0
FNDA:0,HapticTab
FNDA:0,(anonymous_1)
DA:6,0
DA:10,0
DA:12,0
DA:14,0
LF:4
LH:0
BRDA:10,0,0,0
BRDA:10,0,1,0
BRF:2
BRH:0
end_of_record
TN:
SF:components\hello-wave.tsx
FN:3,HelloWave
FNF:1
FNH:0
FNDA:0,HelloWave
DA:4,0
LF:1
LH:0
BRF:0
BRH:0
end_of_record
TN:
SF:components\parallax-scroll-view.tsx
FN:21,ParallaxScrollView
FN:30,(anonymous_1)
FNF:2
FNH:0
FNDA:0,ParallaxScrollView
FNDA:0,(anonymous_1)
DA:14,0
DA:26,0
DA:27,0
DA:28,0
DA:29,0
DA:30,0
DA:31,0
DA:47,0
DA:65,0
LF:9
LH:0
BRDA:27,0,0,0
BRDA:27,0,1,0
BRF:2
BRH:0
end_of_record
TN:
SF:components\processing-overlay.tsx
FN:10,ProcessingOverlay
FNF:1
FNH:0
FNDA:0,ProcessingOverlay
DA:13,0
DA:14,0
DA:16,0
DA:35,0
LF:4
LH:0
BRDA:11,0,0,0
BRDA:21,1,0,0
BRDA:21,1,1,0
BRF:3
BRH:0
end_of_record
TN:
SF:components\themed-text.tsx
FN:11,ThemedText
FNF:1
FNH:0
FNDA:0,ThemedText
DA:18,0
DA:20,0
DA:36,0
LF:3
LH:0
BRDA:15,0,0,0
BRDA:24,1,0,0
BRDA:24,1,1,0
BRDA:25,2,0,0
BRDA:25,2,1,0
BRDA:26,3,0,0
BRDA:26,3,1,0
BRDA:27,4,0,0
BRDA:27,4,1,0
BRDA:28,5,0,0
BRDA:28,5,1,0
BRF:11
BRH:0
end_of_record
TN:
SF:components\themed-view.tsx
FN:10,ThemedView
FNF:1
FNH:0
FNDA:0,ThemedView
DA:11,0
DA:13,0
LF:2
LH:0
BRF:0
BRH:0
end_of_record
TN:
SF:components\translation-card.tsx
FN:13,TranslationCard
FN:20,(anonymous_1)
FN:35,(anonymous_2)
FNF:3
FNH:0
FNDA:0,TranslationCard
FNDA:0,(anonymous_1)
FNDA:0,(anonymous_2)
DA:17,0
DA:18,0
DA:20,0
DA:21,0
DA:22,0
DA:23,0
DA:24,0
DA:25,0
DA:26,0
DA:28,0
DA:29,0
DA:30,0
DA:31,0
DA:32,0
DA:35,0
DA:36,0
DA:37,0
DA:38,0
DA:41,0
DA:94,0
LF:20
LH:0
BRDA:28,0,0,0
BRDA:28,0,1,0
BRDA:29,1,0,0
BRDA:29,1,1,0
BRDA:30,2,0,0
BRDA:30,2,1,0
BRDA:31,3,0,0
BRDA:31,3,1,0
BRDA:36,4,0,0
BRDA:36,4,1,0
BRDA:37,5,0,0
BRDA:37,5,1,0
BRDA:47,6,0,0
BRDA:47,6,1,0
BRDA:48,7,0,0
BRDA:48,7,1,0
BRF:16
BRH:0
end_of_record
TN:
SF:components\ui\capture-button.tsx
FN:10,CaptureButton
FN:18,(anonymous_1)
FN:40,(anonymous_2)
FN:47,(anonymous_3)
FNF:4
FNH:0
FNDA:0,CaptureButton
FNDA:0,(anonymous_1)
FNDA:0,(anonymous_2)
FNDA:0,(anonymous_3)
DA:15,0
DA:16,0
DA:18,0
DA:19,0
DA:21,0
DA:36,0
DA:40,0
DA:41,0
DA:47,0
DA:48,0
DA:56,0
DA:87,0
LF:12
LH:0
BRDA:12,0,0,0
BRDA:13,1,0,0
BRDA:19,2,0,0
BRDA:19,2,1,0
BRDA:61,3,0,0
BRDA:61,3,1,0
BRDA:69,4,0,0
BRDA:69,4,1,0
BRDA:76,5,0,0
BRDA:76,5,1,0
BRF:10
BRH:0
end_of_record
TN:
SF:components\ui\collapsible.tsx
FN:10,Collapsible
FN:18,(anonymous_1)
FN:18,(anonymous_2)
FNF:3
FNH:0
FNDA:0,Collapsible
FNDA:0,(anonymous_1)
FNDA:0,(anonymous_2)
DA:11,0
DA:12,0
DA:14,0
DA:18,0
DA:35,0
LF:5
LH:0
BRDA:12,0,0,0
BRDA:12,0,1,0
BRDA:24,1,0,0
BRDA:24,1,1,0
BRDA:25,2,0,0
BRDA:25,2,1,0
BRDA:30,3,0,0
BRDA:30,3,1,0
BRF:8
BRH:0
end_of_record
TN:
SF:components\ui\icon-symbol.ios.tsx
FN:4,IconSymbol
FNF:1
FNH:0
FNDA:0,IconSymbol
DA:17,0
LF:1
LH:0
BRDA:6,0,0,0
BRDA:9,1,0,0
BRF:2
BRH:0
end_of_record
TN:
SF:components\ui\icon-symbol.tsx
FN:28,IconSymbol
FNF:1
FNH:0
FNDA:0,IconSymbol
DA:16,0
DA:40,0
LF:2
LH:0
BRDA:30,0,0,0
BRF:1
BRH:0
end_of_record
TN:
SF:constants\theme.ts
FNF:0
FNH:0
DA:8,0
DA:9,0
DA:11,0
DA:30,0
LF:4
LH:0
BRF:0
BRH:0
end_of_record
TN:
SF:hooks\use-color-scheme.ts
FNF:0
FNH:0
LF:0
LH:0
BRF:0
BRH:0
end_of_record
TN:
SF:hooks\use-color-scheme.web.ts
FN:7,useColorScheme
FN:10,(anonymous_1)
FNF:2
FNH:0
FNDA:0,useColorScheme
FNDA:0,(anonymous_1)
DA:8,0
DA:10,0
DA:11,0
DA:14,0
DA:16,0
DA:17,0
DA:20,0
LF:7
LH:0
BRDA:16,0,0,0
BRDA:16,0,1,0
BRF:2
BRH:0
end_of_record
TN:
SF:hooks\use-theme-color.ts
FN:9,useThemeColor
FNF:1
FNH:0
FNDA:0,useThemeColor
DA:13,0
DA:14,0
DA:16,0
DA:17,0
DA:19,0
LF:5
LH:0
BRDA:13,0,0,0
BRDA:13,0,1,0
BRDA:16,1,0,0
BRDA:16,1,1,0
BRF:4
BRH:0
end_of_record
TN:
SF:services\api-config.ts
FN:29,(anonymous_0)
FNF:1
FNH:1
FNDA:25,(anonymous_0)
DA:4,3
DA:6,3
DA:21,3
DA:29,3
DA:30,25
LF:5
LH:5
BRF:0
BRH:0
end_of_record
TN:
SF:services\landmark-service.ts
FN:16,(anonymous_0)
FN:57,(anonymous_1)
FN:89,(anonymous_2)
FN:110,(anonymous_3)
FN:111,(anonymous_4)
FN:115,(anonymous_5)
FN:120,(anonymous_6)
FN:129,(anonymous_7)
FN:130,(anonymous_8)
FN:132,(anonymous_9)
FN:150,(anonymous_10)
FN:159,(anonymous_11)
FN:162,(anonymous_12)
FN:175,(anonymous_13)
FNF:14
FNH:3
FNDA:0,(anonymous_0)
FNDA:0,(anonymous_1)
FNDA:0,(anonymous_2)
FNDA:0,(anonymous_3)
FNDA:0,(anonymous_4)
FNDA:0,(anonymous_5)
FNDA:0,(anonymous_6)
FNDA:0,(anonymous_7)
FNDA:0,(anonymous_8)
FNDA:0,(anonymous_9)
FNDA:12,(anonymous_10)
FNDA:133,(anonymous_11)
FNDA:395,(anonymous_12)
FNDA:0,(anonymous_13)
DA:8,3
DA:17,0
DA:18,0
DA:19,0
DA:22,0
DA:23,0
DA:26,0
DA:31,0
DA:44,0
DA:45,0
DA:47,0
DA:48,0
DA:58,0
DA:59,0
DA:62,0
DA:63,0
DA:66,0
DA:67,0
DA:73,0
DA:76,0
DA:77,0
DA:80,0
DA:81,0
DA:82,0
DA:86,0
DA:89,0
DA:95,0
DA:96,0
DA:98,0
DA:100,0
DA:101,0
DA:111,0
DA:112,0
DA:113,0
DA:115,0
DA:116,0
DA:117,0
DA:120,0
DA:121,0
DA:122,0
DA:126,0
DA:128,0
DA:129,0
DA:131,0
DA:132,0
DA:133,0
DA:135,0
DA:136,0
DA:140,0
DA:151,12
DA:152,10
DA:153,2
DA:154,2
DA:158,8
DA:160,133
DA:162,395
DA:165,8
DA:166,2
DA:169,8
DA:176,0
DA:177,0
DA:178,0
DA:179,0
DA:180,0
LF:64
LH:11
BRDA:17,0,0,0
BRDA:17,0,1,0
BRDA:17,1,0,0
BRDA:17,1,1,0
BRDA:62,2,0,0
BRDA:62,2,1,0
BRDA:66,3,0,0
BRDA:66,3,1,0
BRDA:80,4,0,0
BRDA:80,4,1,0
BRDA:80,5,0,0
BRDA:80,5,1,0
BRDA:92,6,0,0
BRDA:92,6,1,0
BRDA:126,7,0,0
BRDA:126,7,1,0
BRDA:151,8,0,2
BRDA:151,8,1,10
BRDA:152,9,0,2
BRDA:152,9,1,8
BRDA:160,10,0,133
BRDA:160,10,1,133
BRDA:160,10,2,132
BRDA:165,11,0,2
BRDA:165,11,1,6
BRDA:176,12,0,0
BRDA:176,12,1,0
BRF:27
BRH:9
end_of_record
TN:
SF:services\storage-service.ts
FN:10,(anonymous_0)
FN:21,(anonymous_1)
FN:31,(anonymous_2)
FN:34,(anonymous_3)
FN:42,(anonymous_4)
FN:52,(anonymous_5)
FN:61,(anonymous_6)
FNF:7
FNH:7
FNDA:7,(anonymous_0)
FNDA:13,(anonymous_1)
FNDA:1,(anonymous_2)
FNDA:2,(anonymous_3)
FNDA:8,(anonymous_4)
FNDA:1,(anonymous_5)
FNDA:2,(anonymous_6)
DA:5,1
DA:6,1
DA:8,1
DA:11,7
DA:12,7
DA:13,7
DA:14,7
DA:16,0
DA:17,0
DA:22,13
DA:23,13
DA:24,13
DA:26,0
DA:27,0
DA:32,1
DA:33,1
DA:34,2
DA:35,1
DA:37,0
DA:38,0
DA:43,8
DA:44,8
DA:46,0
DA:47,0
DA:53,1
DA:54,1
DA:56,0
DA:57,0
DA:62,2
DA:63,2
DA:64,2
DA:66,0
DA:67,0
LF:33
LH:21
BRDA:24,0,0,7
BRDA:24,0,1,6
BRDA:64,1,0,1
BRDA:64,1,1,1
BRF:4
BRH:4
end_of_record
TN:
SF:services\translation-service.ts
FN:18,(anonymous_0)
FN:111,(anonymous_1)
FN:159,(anonymous_2)
FN:182,(anonymous_3)
FNF:4
FNH:3
FNDA:5,(anonymous_0)
FNDA:14,(anonymous_1)
FNDA:5,(anonymous_2)
FNDA:0,(anonymous_3)
DA:12,2
DA:19,5
DA:20,5
DA:23,5
DA:24,5
DA:26,5
DA:27,1
DA:35,4
DA:36,0
DA:42,4
DA:45,4
DA:46,4
DA:48,1
DA:49,0
DA:55,1
DA:58,1
DA:60,1
DA:69,3
DA:72,3
DA:74,3
DA:75,1
DA:81,2
DA:82,1
DA:88,1
DA:92,1
DA:98,0
DA:114,14
DA:115,14
DA:116,14
DA:118,14
DA:122,14
DA:128,12
DA:129,4
DA:130,4
DA:131,4
DA:134,4
DA:135,4
DA:136,4
DA:137,4
DA:142,4
DA:145,8
DA:146,8
DA:148,8
DA:150,6
DA:151,6
DA:160,5
DA:161,5
DA:162,5
DA:164,5
DA:168,4
DA:169,4
DA:171,4
DA:173,1
DA:174,1
DA:183,0
LF:55
LH:51
BRDA:26,0,0,1
BRDA:26,0,1,4
BRDA:35,1,0,0
BRDA:35,1,1,4
BRDA:48,2,0,0
BRDA:48,2,1,1
BRDA:72,3,0,3
BRDA:72,3,1,0
BRDA:74,4,0,1
BRDA:74,4,1,2
BRDA:81,5,0,1
BRDA:81,5,1,1
BRDA:88,6,0,1
BRDA:88,6,1,0
BRDA:89,7,0,1
BRDA:89,7,1,1
BRDA:101,8,0,0
BRDA:101,8,1,0
BRDA:128,9,0,4
BRDA:128,9,1,8
BRDA:137,10,0,4
BRDA:137,10,1,4
BRDA:137,10,2,4
BRDA:169,11,0,2
BRDA:169,11,1,2
BRF:25
BRH:19
end_of_record
